#
# A fatal error has been detected by the Java Runtime Environment:
#
#  SIGSEGV (0xb) at pc=0x00000001077732d7, pid=92352, tid=0x000000000000d407
#
# JRE version: Java(TM) SE Runtime Environment (8.0_121-b13) (build 1.8.0_121-b13)
# Java VM: Java HotSpot(TM) 64-Bit Server VM (25.121-b13 mixed mode bsd-amd64 compressed oops)
# Problematic frame:
# C  [libawt_lwawt.dylib+0x1c2d7]  OGLSD_SetScratchSurface+0x49
#
# Failed to write core dump. Core dumps have been disabled. To enable core dumping, try "ulimit -c unlimited" before starting Java again
#
# If you would like to submit a bug report, please visit:
#   http://bugreport.java.com/bugreport/crash.jsp
# The crash happened outside the Java Virtual Machine in native code.
# See problematic frame for where to report the bug.
#

---------------  T H R E A D  ---------------

Current thread (0x00007fb6bd2b8800):  JavaThread "Java2D Queue Flusher" daemon [_thread_in_native, id=54279, stack(0x000070000982c000,0x000070000992c000)]

siginfo: si_signo: 11 (SIGSEGV), si_code: 1 (SEGV_MAPERR), si_addr: 0x0000000000000002

Registers:
RAX=0x00000000ffffffff, RBX=0x0000000000000002, RCX=0x0000000000000047, RDX=0x0000000107794370
RSP=0x000070000992b810, RBP=0x000070000992b830, RSI=0x00007fb6beb19950, RDI=0x00007fb6bd2b89f8
R8 =0x0000000000000020, R9 =0x0000000000000000, R10=0x00000001085245f8, R11=0x00000000e803360e
R12=0x0000000000000000, R13=0x000000074019b130, R14=0x00007fb6bd2b89f8, R15=0x00007fb6bd2b8800
RIP=0x00000001077732d7, EFLAGS=0x0000000000010202, ERR=0x0000000000000004
  TRAPNO=0x000000000000000e

Top of Stack: (sp=0x000070000992b810)
0x000070000992b810:   00007fb6beb19950 0000000000000000
0x000070000992b820:   00007fb6bd2b0610 00007fb6bd2b8800
0x000070000992b830:   000070000992b8b0 0000000107793e4e
0x000070000992b840:   0000000000000064 00007fb6beb05818
0x000070000992b850:   000070000992b8b0 0000000103d4f494
0x000070000992b860:   0000000000000005 00007fb6bd2b8800
0x000070000992b870:   000000074019b101 00007fb6bd2b0620
0x000070000992b880:   000070000092b800 00007fb6bd2b89f8
0x000070000992b890:   0000000000000000 0000000000000000
0x000070000992b8a0:   000070000992b908 00007fb6bd2b8800
0x000070000992b8b0:   000070000992b900 000000010852466a
0x000070000992b8c0:   000000074019b058 000070000992b908
0x000070000992b8d0:   0000000123413e70 0000000000000000
0x000070000992b8e0:   0000000123413e00 0000000000000000
0x000070000992b8f0:   000070000992b910 00000000e803361c
0x000070000992b900:   00000000e803360b 0000000108b06890
0x000070000992b910:   000000074019b058 0000000000000000
0x000070000992b920:   000000074019b130 0000000000000000
0x000070000992b930:   000000074019b130 000070000992b9d0
0x000070000992b940:   0000000000000001 0000000000000000
0x000070000992b950:   000070000992b9d0 0000000107d857a7
0x000070000992b960:   000000074019b130 000000074019b130
0x000070000992b970:   0000700000001fa0 000000000000000a
0x000070000992b980:   00007fb6bd2b8800 0000000000000001
0x000070000992b990:   0000000107d8571f 0000000105f6cc68
0x000070000992b9a0:   000070000992ba68 000070000992bd00
0x000070000992b9b0:   000000010000000a 0000000105f6cc68
0x000070000992b9c0:   0000000107d98120 000070000992bc70
0x000070000992b9d0:   000070000992bb80 0000000103ced9d6
0x000070000992b9e0:   0000700000000001 00007fb6bd2b8800
0x000070000992b9f0:   00007fb6bd2b8800 000070000992bd00
0x000070000992ba00:   00007fb6beb05810 0000000107d98120 

Instructions: (pc=0x00000001077732d7)
0x00000001077732b7:   c0 e9 82 00 00 00 48 8b 5e 10 48 85 db 75 0e bf
0x00000001077732c7:   01 00 00 00 48 8d 15 0a 7e 03 00 eb d6 49 89 fe
0x00000001077732d7:   4c 8b 3b 30 c0 e8 d9 a8 02 00 49 8b 3f 49 89 c4
0x00000001077732e7:   48 8b 35 d2 03 06 00 30 c0 e8 e5 a9 02 00 48 85 

Register to memory mapping:

RAX=0x00000000ffffffff is an unknown value
RBX=0x0000000000000002 is an unknown value
RCX=0x0000000000000047 is an unknown value
RDX=0x0000000107794370: Java_sun_java2d_opengl_OGLRenderQueue_flushBuffer+0xb5c in /Library/Internet Plug-Ins/JavaAppletPlugin.plugin/Contents/Home/lib/libawt_lwawt.dylib at 0x0000000107757000
RSP=0x000070000992b810 is pointing into the stack for thread: 0x00007fb6bd2b8800
RBP=0x000070000992b830 is pointing into the stack for thread: 0x00007fb6bd2b8800
RSI=0x00007fb6beb19950 is an unknown value
RDI=0x00007fb6bd2b89f8 is an unknown value
R8 =0x0000000000000020 is an unknown value
R9 =0x0000000000000000 is an unknown value
R10=0x00000001085245f8 is at entry_point+56 in (nmethod*)0x0000000108524450
R11=0x00000000e803360e is an unknown value
R12=0x0000000000000000 is an unknown value
R13=0x000000074019b130 is an oop
sun.java2d.opengl.OGLRenderQueue$QueueFlusher 
 - klass: 'sun/java2d/opengl/OGLRenderQueue$QueueFlusher'
R14=0x00007fb6bd2b89f8 is an unknown value
R15=0x00007fb6bd2b8800 is a thread


Stack: [0x000070000982c000,0x000070000992c000],  sp=0x000070000992b810,  free space=1022k
Native frames: (J=compiled Java code, j=interpreted, Vv=VM code, C=native code)
C  [libawt_lwawt.dylib+0x1c2d7]  OGLSD_SetScratchSurface+0x49
C  [libawt_lwawt.dylib+0x3ce4e]  Java_sun_java2d_opengl_OGLRenderQueue_flushBuffer+0x63a
J 6084  sun.java2d.opengl.OGLRenderQueue.flushBuffer(JI)V (0 bytes) @ 0x000000010852466a [0x00000001085245c0+0xaa]
J 12382% C2 sun.java2d.opengl.OGLRenderQueue$QueueFlusher.run()V (234 bytes) @ 0x0000000108b06890 [0x0000000108b065e0+0x2b0]
v  ~StubRoutines::call_stub
V  [libjvm.dylib+0x2ed9d6]
V  [libjvm.dylib+0x2ee164]
V  [libjvm.dylib+0x2ee310]
V  [libjvm.dylib+0x348a5d]
V  [libjvm.dylib+0x56ab0f]
V  [libjvm.dylib+0x56c1fc]
V  [libjvm.dylib+0x48a5b2]
C  [libsystem_pthread.dylib+0x393b]  _pthread_body+0xb4
C  [libsystem_pthread.dylib+0x3887]  _pthread_body+0x0
C  [libsystem_pthread.dylib+0x308d]  thread_start+0xd
C  0x0000000000000000

Java frames: (J=compiled Java code, j=interpreted, Vv=VM code)
J 6084  sun.java2d.opengl.OGLRenderQueue.flushBuffer(JI)V (0 bytes) @ 0x00000001085245f8 [0x00000001085245c0+0x38]
J 12382% C2 sun.java2d.opengl.OGLRenderQueue$QueueFlusher.run()V (234 bytes) @ 0x0000000108b06890 [0x0000000108b065e0+0x2b0]
v  ~StubRoutines::call_stub

---------------  P R O C E S S  ---------------

Java Threads: ( => current thread )
  0x00007fb6c9660000 JavaThread "SwingWorker-pool-2-thread-10" daemon [_thread_blocked, id=76499, stack(0x000070000a90d000,0x000070000aa0d000)]
  0x00007fb6c728b800 JavaThread "SwingWorker-pool-2-thread-9" daemon [_thread_blocked, id=74683, stack(0x000070000a80a000,0x000070000a90a000)]
  0x00007fb6c7ee8000 JavaThread "SwingWorker-pool-2-thread-8" daemon [_thread_blocked, id=13359, stack(0x000070000a707000,0x000070000a807000)]
  0x00007fb6bd116000 JavaThread "SwingWorker-pool-2-thread-7" daemon [_thread_blocked, id=73911, stack(0x000070000a604000,0x000070000a704000)]
  0x00007fb6c6da5800 JavaThread "SwingWorker-pool-2-thread-6" daemon [_thread_blocked, id=74307, stack(0x000070000a501000,0x000070000a601000)]
  0x00007fb6c6489800 JavaThread "SwingWorker-pool-2-thread-5" daemon [_thread_blocked, id=35103, stack(0x000070000a3fe000,0x000070000a4fe000)]
  0x00007fb6bca2b800 JavaThread "SwingWorker-pool-2-thread-4" daemon [_thread_blocked, id=34659, stack(0x000070000a2fb000,0x000070000a3fb000)]
  0x00007fb6c8991800 JavaThread "SwingWorker-pool-2-thread-3" daemon [_thread_blocked, id=71679, stack(0x0000700009e6c000,0x0000700009f6c000)]
  0x00007fb6c31ef800 JavaThread "SwingWorker-pool-2-thread-2" daemon [_thread_blocked, id=31263, stack(0x00007000095a0000,0x00007000096a0000)]
  0x00007fb6be297000 JavaThread "Prism Font Disposer" daemon [_thread_blocked, id=72479, stack(0x000070000a1f8000,0x000070000a2f8000)]
  0x00007fb6bda45800 JavaThread "Disposer" daemon [_thread_blocked, id=71939, stack(0x000070000a0f5000,0x000070000a1f5000)]
  0x00007fb6bd3c6000 JavaThread "SwingWorker-pool-2-thread-1" daemon [_thread_blocked, id=68527, stack(0x0000700009f6f000,0x000070000a06f000)]
  0x00007fb6bd99d800 JavaThread "TimerQueue" daemon [_thread_blocked, id=67963, stack(0x0000700009ce6000,0x0000700009de6000)]
  0x00007fb6bcadc800 JavaThread "Thread-2" daemon [_thread_in_native, id=66563, stack(0x0000700009c63000,0x0000700009ce3000)]
  0x00007fb6bd353800 JavaThread "Thread-1" daemon [_thread_blocked, id=63747, stack(0x0000700009b60000,0x0000700009c60000)]
  0x00007fb6bca84000 JavaThread "QuantumRenderer-0" daemon [_thread_blocked, id=62731, stack(0x0000700009a5d000,0x0000700009b5d000)]
  0x00007fb6bd930800 JavaThread "Java2D Disposer" daemon [_thread_blocked, id=57359, stack(0x000070000992f000,0x0000700009a2f000)]
=>0x00007fb6bd2b8800 JavaThread "Java2D Queue Flusher" daemon [_thread_in_native, id=54279, stack(0x000070000982c000,0x000070000992c000)]
  0x00007fb6bd1d0800 JavaThread "DestroyJavaVM" [_thread_blocked, id=6915, stack(0x000070000856d000,0x000070000866d000)]
  0x00007fb6be033000 JavaThread "AWT-EventQueue-0" [_thread_blocked, id=47663, stack(0x0000700009729000,0x0000700009829000)]
  0x00007fb6bc9df800 JavaThread "AWT-Shutdown" [_thread_blocked, id=29471, stack(0x000070000949d000,0x000070000959d000)]
  0x00007fb6bc9c8000 JavaThread "JavaFX Application Thread" daemon [_thread_in_native, id=775, stack(0x00007fff5c318000,0x00007fff5cb18000)]
  0x00007fb6bd023800 JavaThread "Service Thread" daemon [_thread_blocked, id=18691, stack(0x0000700009214000,0x0000700009314000)]
  0x00007fb6bc871000 JavaThread "C1 CompilerThread2" daemon [_thread_blocked, id=18179, stack(0x0000700009111000,0x0000700009211000)]
  0x00007fb6bc870000 JavaThread "C2 CompilerThread1" daemon [_thread_blocked, id=17667, stack(0x000070000900e000,0x000070000910e000)]
  0x00007fb6bc86a000 JavaThread "C2 CompilerThread0" daemon [_thread_blocked, id=17155, stack(0x0000700008f0b000,0x000070000900b000)]
  0x00007fb6bc869800 JavaThread "Signal Dispatcher" daemon [_thread_blocked, id=16643, stack(0x0000700008e08000,0x0000700008f08000)]
  0x00007fb6bd00b000 JavaThread "Finalizer" daemon [_thread_blocked, id=12291, stack(0x0000700008c82000,0x0000700008d82000)]
  0x00007fb6bc853000 JavaThread "Reference Handler" daemon [_thread_blocked, id=11779, stack(0x0000700008b7f000,0x0000700008c7f000)]

Other Threads:
  0x00007fb6bc84e800 VMThread [stack: 0x0000700008a7c000,0x0000700008b7c000] [id=11267]
  0x00007fb6bd800800 WatcherThread [stack: 0x0000700009317000,0x0000700009417000] [id=19203]

VM state:not at safepoint (normal execution)

VM Mutex/Monitor currently owned by a thread: None

Heap:
 PSYoungGen      total 565248K, used 6772K [0x0000000795580000, 0x00000007bf200000, 0x00000007c0000000)
  eden space 445952K, 1% used [0x0000000795580000,0x0000000795c1d140,0x00000007b0900000)
  from space 119296K, 0% used [0x00000007b7d80000,0x00000007b7d80000,0x00000007bf200000)
  to   space 119296K, 0% used [0x00000007b0900000,0x00000007b0900000,0x00000007b7d80000)
 ParOldGen       total 603648K, used 20531K [0x0000000740000000, 0x0000000764d80000, 0x0000000795580000)
  object space 603648K, 3% used [0x0000000740000000,0x000000074140ced8,0x0000000764d80000)
 Metaspace       used 57577K, capacity 58433K, committed 59096K, reserved 1101824K
  class space    used 5656K, capacity 5890K, committed 6016K, reserved 1048576K

Card table byte_map: [0x0000000104e1b000,0x000000010521c000] byte_map_base: 0x000000010141b000

Marking Bits: (ParMarkBitMap*) 0x00000001042f0d30
 Begin Bits: [0x0000000116d85000, 0x0000000118d85000)
 End Bits:   [0x0000000118d85000, 0x000000011ad85000)

Polling page: 0x00000001031da000

CodeCache: size=245760Kb used=39367Kb max_used=39588Kb free=206392Kb
 bounds [0x0000000107d85000, 0x000000010a485000, 0x0000000116d85000]
 total_blobs=9577 nmethods=8667 adapters=819
 compilation: enabled

Compilation events (10 events):
Event: 21309.727 Thread 0x00007fb6bc870000 12395       4       sun.java2d.pipe.BufferedContext::validate (575 bytes)
Event: 21309.732 Thread 0x00007fb6bc871000 12396       3       sun.java2d.opengl.OGLSwToSurfaceBlit::Blit (48 bytes)
Event: 21309.733 Thread 0x00007fb6bc871000 nmethod 12396 0x00000001092bb450 code [0x00000001092bb5c0, 0x00000001092bb808]
Event: 21309.745 Thread 0x00007fb6bc871000 12397       3       sun.java2d.SurfaceDataProxy::<init> (29 bytes)
Event: 21309.745 Thread 0x00007fb6bc871000 nmethod 12397 0x0000000108b12490 code [0x0000000108b12600, 0x0000000108b12810]
Event: 21309.781 Thread 0x00007fb6bc870000 nmethod 12395 0x000000010922afd0 code [0x000000010922b2e0, 0x000000010922cb48]
Event: 21379.905 Thread 0x00007fb6bc871000 12398       3       sun.lwawt.LWWindowPeer::notifyMouseEvent (661 bytes)
Event: 21379.905 Thread 0x00007fb6bc86a000 12399       4       sun.lwawt.macosx.CPlatformWindow::getTopmostPlatformWindowUnderMouse (4 bytes)
Event: 21379.906 Thread 0x00007fb6bc86a000 nmethod 12399 0x000000010802cd10 code [0x000000010802ce60, 0x000000010802cee8]
Event: 21379.912 Thread 0x00007fb6bc871000 nmethod 12398 0x00000001090d4c50 code [0x00000001090d5240, 0x00000001090da108]

GC Heap History (10 events):
Event: 6197.138 GC heap before
{Heap before GC invocations=333 (full 26):
 PSYoungGen      total 539648K, used 438866K [0x0000000795580000, 0x00000007bf180000, 0x00000007c0000000)
  eden space 412672K, 100% used [0x0000000795580000,0x00000007ae880000,0x00000007ae880000)
  from space 126976K, 20% used [0x00000007b7580000,0x00000007b8f14bb8,0x00000007bf180000)
  to   space 135680K, 0% used [0x00000007ae880000,0x00000007ae880000,0x00000007b6d00000)
 ParOldGen       total 892416K, used 749718K [0x0000000740000000, 0x0000000776780000, 0x0000000795580000)
  object space 892416K, 84% used [0x0000000740000000,0x000000076dc25988,0x0000000776780000)
 Metaspace       used 57548K, capacity 58411K, committed 58840K, reserved 1101824K
  class space    used 5657K, capacity 5897K, committed 6016K, reserved 1048576K
Event: 6197.266 GC heap after
Heap after GC invocations=333 (full 26):
 PSYoungGen      total 548352K, used 7182K [0x0000000795580000, 0x00000007c0000000, 0x00000007c0000000)
  eden space 412672K, 0% used [0x0000000795580000,0x0000000795580000,0x00000007ae880000)
  from space 135680K, 5% used [0x00000007ae880000,0x00000007aef83a18,0x00000007b6d00000)
  to   space 132608K, 0% used [0x00000007b7e80000,0x00000007b7e80000,0x00000007c0000000)
 ParOldGen       total 892416K, used 775825K [0x0000000740000000, 0x0000000776780000, 0x0000000795580000)
  object space 892416K, 86% used [0x0000000740000000,0x000000076f5a47e8,0x0000000776780000)
 Metaspace       used 57548K, capacity 58411K, committed 58840K, reserved 1101824K
  class space    used 5657K, capacity 5897K, committed 6016K, reserved 1048576K
}
Event: 11449.710 GC heap before
{Heap before GC invocations=334 (full 26):
 PSYoungGen      total 548352K, used 419854K [0x0000000795580000, 0x00000007c0000000, 0x00000007c0000000)
  eden space 412672K, 100% used [0x0000000795580000,0x00000007ae880000,0x00000007ae880000)
  from space 135680K, 5% used [0x00000007ae880000,0x00000007aef83a18,0x00000007b6d00000)
  to   space 132608K, 0% used [0x00000007b7e80000,0x00000007b7e80000,0x00000007c0000000)
 ParOldGen       total 892416K, used 775825K [0x0000000740000000, 0x0000000776780000, 0x0000000795580000)
  object space 892416K, 86% used [0x0000000740000000,0x000000076f5a47e8,0x0000000776780000)
 Metaspace       used 57548K, capacity 58411K, committed 58840K, reserved 1101824K
  class space    used 5657K, capacity 5897K, committed 6016K, reserved 1048576K
Event: 11449.859 GC heap after
Heap after GC invocations=334 (full 26):
 PSYoungGen      total 556032K, used 64K [0x0000000795580000, 0x00000007bf900000, 0x00000007c0000000)
  eden space 430592K, 0% used [0x0000000795580000,0x0000000795580000,0x00000007afa00000)
  from space 125440K, 0% used [0x00000007b7e80000,0x00000007b7e90000,0x00000007bf900000)
  to   space 130560K, 0% used [0x00000007afa00000,0x00000007afa00000,0x00000007b7980000)
 ParOldGen       total 892416K, used 782834K [0x0000000740000000, 0x0000000776780000, 0x0000000795580000)
  object space 892416K, 87% used [0x0000000740000000,0x000000076fc7c800,0x0000000776780000)
 Metaspace       used 57548K, capacity 58411K, committed 58840K, reserved 1101824K
  class space    used 5657K, capacity 5897K, committed 6016K, reserved 1048576K
}
Event: 16730.546 GC heap before
{Heap before GC invocations=335 (full 26):
 PSYoungGen      total 556032K, used 430656K [0x0000000795580000, 0x00000007bf900000, 0x00000007c0000000)
  eden space 430592K, 100% used [0x0000000795580000,0x00000007afa00000,0x00000007afa00000)
  from space 125440K, 0% used [0x00000007b7e80000,0x00000007b7e90000,0x00000007bf900000)
  to   space 130560K, 0% used [0x00000007afa00000,0x00000007afa00000,0x00000007b7980000)
 ParOldGen       total 892416K, used 782834K [0x0000000740000000, 0x0000000776780000, 0x0000000795580000)
  object space 892416K, 87% used [0x0000000740000000,0x000000076fc7c800,0x0000000776780000)
 Metaspace       used 57588K, capacity 58475K, committed 59096K, reserved 1101824K
  class space    used 5660K, capacity 5897K, committed 6016K, reserved 1048576K
Event: 16730.911 GC heap after
Heap after GC invocations=335 (full 26):
 PSYoungGen      total 561152K, used 29199K [0x0000000795580000, 0x00000007bf500000, 0x00000007c0000000)
  eden space 430592K, 0% used [0x0000000795580000,0x0000000795580000,0x00000007afa00000)
  from space 130560K, 22% used [0x00000007afa00000,0x00000007b1683db8,0x00000007b7980000)
  to   space 122368K, 0% used [0x00000007b7d80000,0x00000007b7d80000,0x00000007bf500000)
 ParOldGen       total 892416K, used 782842K [0x0000000740000000, 0x0000000776780000, 0x0000000795580000)
  object space 892416K, 87% used [0x0000000740000000,0x000000076fc7e800,0x0000000776780000)
 Metaspace       used 57588K, capacity 58475K, committed 59096K, reserved 1101824K
  class space    used 5660K, capacity 5897K, committed 6016K, reserved 1048576K
}
Event: 22173.268 GC heap before
{Heap before GC invocations=336 (full 26):
 PSYoungGen      total 561152K, used 459791K [0x0000000795580000, 0x00000007bf500000, 0x00000007c0000000)
  eden space 430592K, 100% used [0x0000000795580000,0x00000007afa00000,0x00000007afa00000)
  from space 130560K, 22% used [0x00000007afa00000,0x00000007b1683db8,0x00000007b7980000)
  to   space 122368K, 0% used [0x00000007b7d80000,0x00000007b7d80000,0x00000007bf500000)
 ParOldGen       total 892416K, used 782842K [0x0000000740000000, 0x0000000776780000, 0x0000000795580000)
  object space 892416K, 87% used [0x0000000740000000,0x000000076fc7e800,0x0000000776780000)
 Metaspace       used 57601K, capacity 58475K, committed 59096K, reserved 1101824K
  class space    used 5660K, capacity 5897K, committed 6016K, reserved 1048576K
Event: 22173.288 GC heap after
Heap after GC invocations=336 (full 26):
 PSYoungGen      total 565248K, used 574K [0x0000000795580000, 0x00000007bf200000, 0x00000007c0000000)
  eden space 445952K, 0% used [0x0000000795580000,0x0000000795580000,0x00000007b0900000)
  from space 119296K, 0% used [0x00000007b7d80000,0x00000007b7e0f8c8,0x00000007bf200000)
  to   space 119296K, 0% used [0x00000007b0900000,0x00000007b0900000,0x00000007b7d80000)
 ParOldGen       total 892416K, used 807283K [0x0000000740000000, 0x0000000776780000, 0x0000000795580000)
  object space 892416K, 90% used [0x0000000740000000,0x000000077145cd08,0x0000000776780000)
 Metaspace       used 57601K, capacity 58475K, committed 59096K, reserved 1101824K
  class space    used 5660K, capacity 5897K, committed 6016K, reserved 1048576K
}
Event: 22173.289 GC heap before
{Heap before GC invocations=337 (full 27):
 PSYoungGen      total 565248K, used 574K [0x0000000795580000, 0x00000007bf200000, 0x00000007c0000000)
  eden space 445952K, 0% used [0x0000000795580000,0x0000000795580000,0x00000007b0900000)
  from space 119296K, 0% used [0x00000007b7d80000,0x00000007b7e0f8c8,0x00000007bf200000)
  to   space 119296K, 0% used [0x00000007b0900000,0x00000007b0900000,0x00000007b7d80000)
 ParOldGen       total 892416K, used 807283K [0x0000000740000000, 0x0000000776780000, 0x0000000795580000)
  object space 892416K, 90% used [0x0000000740000000,0x000000077145cd08,0x0000000776780000)
 Metaspace       used 57601K, capacity 58475K, committed 59096K, reserved 1101824K
  class space    used 5660K, capacity 5897K, committed 6016K, reserved 1048576K
Event: 22173.545 GC heap after
Heap after GC invocations=337 (full 27):
 PSYoungGen      total 565248K, used 0K [0x0000000795580000, 0x00000007bf200000, 0x00000007c0000000)
  eden space 445952K, 0% used [0x0000000795580000,0x0000000795580000,0x00000007b0900000)
  from space 119296K, 0% used [0x00000007b7d80000,0x00000007b7d80000,0x00000007bf200000)
  to   space 119296K, 0% used [0x00000007b0900000,0x00000007b0900000,0x00000007b7d80000)
 ParOldGen       total 603648K, used 20531K [0x0000000740000000, 0x0000000764d80000, 0x0000000795580000)
  object space 603648K, 3% used [0x0000000740000000,0x000000074140ced8,0x0000000764d80000)
 Metaspace       used 57577K, capacity 58433K, committed 59096K, reserved 1101824K
  class space    used 5656K, capacity 5890K, committed 6016K, reserved 1048576K
}

Deoptimization events (10 events):
Event: 12188.851 Thread 0x00007fb6bc9c8000 Uncommon trap: reason=class_check action=maybe_recompile pc=0x000000010988e20c method=sun.java2d.opengl.OGLBlitLoops.IsoBlit(Lsun/java2d/SurfaceData;Lsun/java2d/SurfaceData;Ljava/awt/image/BufferedImage;Ljava/awt/image/BufferedImageOp;Ljava/awt/Composite;
Event: 12188.859 Thread 0x00007fb6bc9c8000 Uncommon trap: reason=class_check action=maybe_recompile pc=0x000000010988e20c method=sun.java2d.opengl.OGLBlitLoops.IsoBlit(Lsun/java2d/SurfaceData;Lsun/java2d/SurfaceData;Ljava/awt/image/BufferedImage;Ljava/awt/image/BufferedImageOp;Ljava/awt/Composite;
Event: 12188.878 Thread 0x00007fb6bc9c8000 Uncommon trap: reason=class_check action=maybe_recompile pc=0x000000010988e20c method=sun.java2d.opengl.OGLBlitLoops.IsoBlit(Lsun/java2d/SurfaceData;Lsun/java2d/SurfaceData;Ljava/awt/image/BufferedImage;Ljava/awt/image/BufferedImageOp;Ljava/awt/Composite;
Event: 12188.912 Thread 0x00007fb6be033000 Uncommon trap: reason=bimorphic action=maybe_recompile pc=0x0000000109b0c80c method=java.util.Collections$SynchronizedMap.put(Ljava/lang/Object;Ljava/lang/Object;)Ljava/lang/Object; @ 13
Event: 12190.644 Thread 0x00007fb6be033000 Uncommon trap: reason=bimorphic action=maybe_recompile pc=0x0000000109b0c80c method=java.util.Collections$SynchronizedMap.put(Ljava/lang/Object;Ljava/lang/Object;)Ljava/lang/Object; @ 13
Event: 12191.113 Thread 0x00007fb6bca84000 Uncommon trap: reason=bimorphic action=maybe_recompile pc=0x0000000109b0c80c method=java.util.Collections$SynchronizedMap.put(Ljava/lang/Object;Ljava/lang/Object;)Ljava/lang/Object; @ 13
Event: 12191.171 Thread 0x00007fb6bc9c8000 Uncommon trap: reason=unstable_if action=reinterpret pc=0x0000000109014670 method=sun.lwawt.LWWindowPeer.generateMouseEnterExitEventsForComponents(JIIIIIIIZLsun/lwawt/LWComponentPeer;)V @ 4
Event: 12191.391 Thread 0x00007fb6bca84000 Uncommon trap: reason=unstable_if action=reinterpret pc=0x00000001090be9f0 method=java.io.UnixFileSystem.canonicalize(Ljava/lang/String;)Ljava/lang/String; @ 171
Event: 16197.525 Thread 0x00007fb6be033000 Uncommon trap: reason=bimorphic action=maybe_recompile pc=0x0000000109b0c80c method=java.util.Collections$SynchronizedMap.put(Ljava/lang/Object;Ljava/lang/Object;)Ljava/lang/Object; @ 13
Event: 21307.895 Thread 0x00007fb6bc9c8000 Uncommon trap: reason=null_check action=make_not_entrant pc=0x0000000109644e5c method=java.awt.geom.AffineTransform.equals(Ljava/lang/Object;)Z @ 1

Internal exceptions (10 events):
Event: 3923.293 Thread 0x00007fb6c8991800 Exception <a 'java/lang/ClassCastException'> (0x0000000797816590) thrown at [/Users/java_re/workspace/8-2-build-macosx-x86_64/jdk8u121/8372/hotspot/src/share/vm/runtime/sharedRuntime.cpp, line 605]
Event: 3923.293 Thread 0x00007fb6c8991800 Exception <a 'java/lang/ClassCastException'> (0x0000000797816f60) thrown at [/Users/java_re/workspace/8-2-build-macosx-x86_64/jdk8u121/8372/hotspot/src/share/vm/runtime/sharedRuntime.cpp, line 605]
Event: 3923.293 Thread 0x00007fb6c8991800 Exception <a 'java/lang/ClassCastException'> (0x0000000797817930) thrown at [/Users/java_re/workspace/8-2-build-macosx-x86_64/jdk8u121/8372/hotspot/src/share/vm/runtime/sharedRuntime.cpp, line 605]
Event: 3923.293 Thread 0x00007fb6c8991800 Exception <a 'java/lang/ClassCastException'> (0x0000000797818300) thrown at [/Users/java_re/workspace/8-2-build-macosx-x86_64/jdk8u121/8372/hotspot/src/share/vm/runtime/sharedRuntime.cpp, line 605]
Event: 3923.293 Thread 0x00007fb6c8991800 Exception <a 'java/lang/ClassCastException'> (0x0000000797818d18) thrown at [/Users/java_re/workspace/8-2-build-macosx-x86_64/jdk8u121/8372/hotspot/src/share/vm/runtime/sharedRuntime.cpp, line 605]
Event: 3923.293 Thread 0x00007fb6c8991800 Exception <a 'java/lang/ClassCastException'> (0x0000000797819718) thrown at [/Users/java_re/workspace/8-2-build-macosx-x86_64/jdk8u121/8372/hotspot/src/share/vm/runtime/sharedRuntime.cpp, line 605]
Event: 3923.293 Thread 0x00007fb6c8991800 Exception <a 'java/lang/ClassCastException'> (0x0000000797819e38) thrown at [/Users/java_re/workspace/8-2-build-macosx-x86_64/jdk8u121/8372/hotspot/src/share/vm/runtime/sharedRuntime.cpp, line 605]
Event: 3928.471 Thread 0x00007fb6bc9c8000 Exception <a 'sun/nio/fs/UnixException'> (0x00000007a348e0f8) thrown at [/Users/java_re/workspace/8-2-build-macosx-x86_64/jdk8u121/8372/hotspot/src/share/vm/prims/jni.cpp, line 709]
Event: 3928.472 Thread 0x00007fb6bc9c8000 Exception <a 'sun/nio/fs/UnixException'> (0x00000007a348ee30) thrown at [/Users/java_re/workspace/8-2-build-macosx-x86_64/jdk8u121/8372/hotspot/src/share/vm/prims/jni.cpp, line 709]
Event: 21307.894 Thread 0x00007fb6bc9c8000 Implicit null exception at 0x0000000109643d2e to 0x0000000109644e35

Events (10 events):
Event: 21306.736 Thread 0x00007fb6bc871000 flushing nmethod 0x0000000108561b10
Event: 21306.736 Thread 0x00007fb6bc871000 flushing nmethod 0x0000000108569c10
Event: 21306.743 Thread 0x00007fb6bc871000 flushing nmethod 0x000000010873c310
Event: 21306.744 Thread 0x00007fb6bc871000 flushing nmethod 0x000000010876e0d0
Event: 21307.895 Thread 0x00007fb6bc9c8000 Uncommon trap: trap_request=0xfffffff4 fr.pc=0x0000000109644e5c
Event: 21307.895 Thread 0x00007fb6bc9c8000 DEOPT PACKING pc=0x0000000109644e5c sp=0x00007fff5cb136e0
Event: 21307.897 Thread 0x00007fb6bc9c8000 DEOPT UNPACKING pc=0x0000000107d8a229 sp=0x00007fff5cb13618 mode 2
Event: 21307.976 Thread 0x00007fb6bc871000 flushing nmethod 0x00000001090a5490
Event: 22173.268 Executing VM operation: ParallelGCFailedAllocation
Event: 22173.545 Executing VM operation: ParallelGCFailedAllocation done


Dynamic libraries:
0x000000004800b000 	/System/Library/Frameworks/Cocoa.framework/Versions/A/Cocoa
0x000000004800b000 	/System/Library/Frameworks/Security.framework/Versions/A/Security
0x000000004800b000 	/System/Library/Frameworks/ApplicationServices.framework/Versions/A/ApplicationServices
0x000000004800b000 	/usr/lib/libz.1.dylib
0x000000004800b000 	/usr/lib/libSystem.B.dylib
0x000000004800b000 	/usr/lib/libobjc.A.dylib
0x000000004800b000 	/System/Library/Frameworks/CoreFoundation.framework/Versions/A/CoreFoundation
0x000000004800b000 	/System/Library/Frameworks/Foundation.framework/Versions/C/Foundation
0x000000004800b000 	/System/Library/Frameworks/AppKit.framework/Versions/C/AppKit
0x000000004800b000 	/System/Library/Frameworks/CoreData.framework/Versions/A/CoreData
0x000000004800b000 	/System/Library/PrivateFrameworks/RemoteViewServices.framework/Versions/A/RemoteViewServices
0x000000004800b000 	/System/Library/PrivateFrameworks/UIFoundation.framework/Versions/A/UIFoundation
0x000000004800b000 	/System/Library/PrivateFrameworks/DFRFoundation.framework/Versions/A/DFRFoundation
0x000000004800b000 	/usr/lib/libenergytrace.dylib
0x000000004800b000 	/System/Library/PrivateFrameworks/SkyLight.framework/Versions/A/SkyLight
0x000000004800b000 	/System/Library/Frameworks/CoreGraphics.framework/Versions/A/CoreGraphics
0x000000004800b000 	/usr/lib/libScreenReader.dylib
0x000000004800b000 	/System/Library/Frameworks/Accelerate.framework/Versions/A/Accelerate
0x000000004800b000 	/System/Library/Frameworks/IOSurface.framework/Versions/A/IOSurface
0x000000004800b000 	/System/Library/Frameworks/AudioToolbox.framework/Versions/A/AudioToolbox
0x000000004800b000 	/System/Library/Frameworks/AudioUnit.framework/Versions/A/AudioUnit
0x000000004800b000 	/System/Library/PrivateFrameworks/DataDetectorsCore.framework/Versions/A/DataDetectorsCore
0x000000004800b000 	/System/Library/PrivateFrameworks/DesktopServicesPriv.framework/Versions/A/DesktopServicesPriv
0x000000004800b000 	/System/Library/Frameworks/Carbon.framework/Versions/A/Frameworks/HIToolbox.framework/Versions/A/HIToolbox
0x000000004800b000 	/usr/lib/libicucore.A.dylib
0x000000004800b000 	/System/Library/Frameworks/QuartzCore.framework/Versions/A/QuartzCore
0x000000004800b000 	/System/Library/Frameworks/Carbon.framework/Versions/A/Frameworks/SpeechRecognition.framework/Versions/A/SpeechRecognition
0x000000004800b000 	/usr/lib/libauto.dylib
0x000000004800b000 	/usr/lib/libxml2.2.dylib
0x000000004800b000 	/System/Library/PrivateFrameworks/CoreUI.framework/Versions/A/CoreUI
0x000000004800b000 	/System/Library/Frameworks/CoreAudio.framework/Versions/A/CoreAudio
0x000000004800b000 	/System/Library/Frameworks/DiskArbitration.framework/Versions/A/DiskArbitration
0x000000004800b000 	/usr/lib/liblangid.dylib
0x000000004800b000 	/System/Library/PrivateFrameworks/MultitouchSupport.framework/Versions/A/MultitouchSupport
0x000000004800b000 	/System/Library/Frameworks/IOKit.framework/Versions/A/IOKit
0x000000004800b000 	/usr/lib/libDiagnosticMessagesClient.dylib
0x000000004800b000 	/System/Library/Frameworks/CoreServices.framework/Versions/A/CoreServices
0x000000004800b000 	/System/Library/PrivateFrameworks/PerformanceAnalysis.framework/Versions/A/PerformanceAnalysis
0x000000004800b000 	/System/Library/PrivateFrameworks/GenerationalStorage.framework/Versions/A/GenerationalStorage
0x000000004800b000 	/System/Library/Frameworks/OpenGL.framework/Versions/A/OpenGL
0x000000004800b000 	/System/Library/Frameworks/CoreImage.framework/Versions/A/CoreImage
0x000000004800b000 	/System/Library/Frameworks/CoreText.framework/Versions/A/CoreText
0x000000004800b000 	/System/Library/Frameworks/ImageIO.framework/Versions/A/ImageIO
0x000000004800b000 	/System/Library/PrivateFrameworks/Backup.framework/Versions/A/Backup
0x000000004800b000 	/usr/lib/libarchive.2.dylib
0x000000004800b000 	/System/Library/Frameworks/CFNetwork.framework/Versions/A/CFNetwork
0x000000004800b000 	/System/Library/Frameworks/SystemConfiguration.framework/Versions/A/SystemConfiguration
0x000000004800b000 	/usr/lib/libCRFSuite.dylib
0x000000004800b000 	/usr/lib/libc++.1.dylib
0x000000004800b000 	/usr/lib/libc++abi.dylib
0x000000004800b000 	/usr/lib/system/libcache.dylib
0x000000004800b000 	/usr/lib/system/libcommonCrypto.dylib
0x000000004800b000 	/usr/lib/system/libcompiler_rt.dylib
0x000000004800b000 	/usr/lib/system/libcopyfile.dylib
0x000000004800b000 	/usr/lib/system/libcorecrypto.dylib
0x000000004800b000 	/usr/lib/system/libdispatch.dylib
0x000000004800b000 	/usr/lib/system/libdyld.dylib
0x000000004800b000 	/usr/lib/system/libkeymgr.dylib
0x000000004800b000 	/usr/lib/system/liblaunch.dylib
0x000000004800b000 	/usr/lib/system/libmacho.dylib
0x000000004800b000 	/usr/lib/system/libquarantine.dylib
0x000000004800b000 	/usr/lib/system/libremovefile.dylib
0x000000004800b000 	/usr/lib/system/libsystem_asl.dylib
0x000000004800b000 	/usr/lib/system/libsystem_blocks.dylib
0x000000004800b000 	/usr/lib/system/libsystem_c.dylib
0x000000004800b000 	/usr/lib/system/libsystem_configuration.dylib
0x000000004800b000 	/usr/lib/system/libsystem_coreservices.dylib
0x000000004800b000 	/usr/lib/system/libsystem_coretls.dylib
0x000000004800b000 	/usr/lib/system/libsystem_dnssd.dylib
0x000000004800b000 	/usr/lib/system/libsystem_info.dylib
0x000000004800b000 	/usr/lib/system/libsystem_kernel.dylib
0x000000004800b000 	/usr/lib/system/libsystem_m.dylib
0x000000004800b000 	/usr/lib/system/libsystem_malloc.dylib
0x000000004800b000 	/usr/lib/system/libsystem_network.dylib
0x000000004800b000 	/usr/lib/system/libsystem_networkextension.dylib
0x000000004800b000 	/usr/lib/system/libsystem_notify.dylib
0x000000004800b000 	/usr/lib/system/libsystem_platform.dylib
0x000000004800b000 	/usr/lib/system/libsystem_pthread.dylib
0x000000004800b000 	/usr/lib/system/libsystem_sandbox.dylib
0x000000004800b000 	/usr/lib/system/libsystem_secinit.dylib
0x000000004800b000 	/usr/lib/system/libsystem_symptoms.dylib
0x000000004800b000 	/usr/lib/system/libsystem_trace.dylib
0x000000004800b000 	/usr/lib/system/libunwind.dylib
0x000000004800b000 	/usr/lib/system/libxpc.dylib
0x000000004800b000 	/usr/lib/libbsm.0.dylib
0x000000004800b000 	/usr/lib/system/libkxld.dylib
0x000000004800b000 	/usr/lib/libcoretls.dylib
0x000000004800b000 	/usr/lib/libcoretls_cfhelpers.dylib
0x000000004800b000 	/usr/lib/libOpenScriptingUtil.dylib
0x000000004800b000 	/usr/lib/libpam.2.dylib
0x000000004800b000 	/usr/lib/libsqlite3.dylib
0x000000004800b000 	/usr/lib/libxar.1.dylib
0x000000004800b000 	/usr/lib/libbz2.1.0.dylib
0x000000004800b000 	/usr/lib/liblzma.5.dylib
0x000000004800b000 	/usr/lib/libnetwork.dylib
0x000000004800b000 	/usr/lib/libpcap.A.dylib
0x000000004800b000 	/System/Library/Frameworks/CoreServices.framework/Versions/A/Frameworks/FSEvents.framework/Versions/A/FSEvents
0x000000004800b000 	/System/Library/Frameworks/CoreServices.framework/Versions/A/Frameworks/CarbonCore.framework/Versions/A/CarbonCore
0x000000004800b000 	/System/Library/Frameworks/CoreServices.framework/Versions/A/Frameworks/Metadata.framework/Versions/A/Metadata
0x000000004800b000 	/System/Library/Frameworks/CoreServices.framework/Versions/A/Frameworks/OSServices.framework/Versions/A/OSServices
0x000000004800b000 	/System/Library/Frameworks/CoreServices.framework/Versions/A/Frameworks/SearchKit.framework/Versions/A/SearchKit
0x000000004800b000 	/System/Library/Frameworks/CoreServices.framework/Versions/A/Frameworks/AE.framework/Versions/A/AE
0x000000004800b000 	/System/Library/Frameworks/CoreServices.framework/Versions/A/Frameworks/LaunchServices.framework/Versions/A/LaunchServices
0x000000004800b000 	/System/Library/Frameworks/CoreServices.framework/Versions/A/Frameworks/DictionaryServices.framework/Versions/A/DictionaryServices
0x000000004800b000 	/System/Library/Frameworks/CoreServices.framework/Versions/A/Frameworks/SharedFileList.framework/Versions/A/SharedFileList
0x000000004800b000 	/System/Library/Frameworks/NetFS.framework/Versions/A/NetFS
0x000000004800b000 	/System/Library/PrivateFrameworks/NetAuth.framework/Versions/A/NetAuth
0x000000004800b000 	/System/Library/PrivateFrameworks/login.framework/Versions/A/Frameworks/loginsupport.framework/Versions/A/loginsupport
0x000000004800b000 	/System/Library/PrivateFrameworks/TCC.framework/Versions/A/TCC
0x000000004800b000 	/usr/lib/libmecabra.dylib
0x000000004800b000 	/System/Library/Frameworks/ApplicationServices.framework/Versions/A/Frameworks/ATS.framework/Versions/A/ATS
0x000000004800b000 	/System/Library/Frameworks/ApplicationServices.framework/Versions/A/Frameworks/ColorSync.framework/Versions/A/ColorSync
0x000000004800b000 	/System/Library/Frameworks/ApplicationServices.framework/Versions/A/Frameworks/HIServices.framework/Versions/A/HIServices
0x000000004800b000 	/System/Library/Frameworks/ApplicationServices.framework/Versions/A/Frameworks/LangAnalysis.framework/Versions/A/LangAnalysis
0x000000004800b000 	/System/Library/Frameworks/ApplicationServices.framework/Versions/A/Frameworks/PrintCore.framework/Versions/A/PrintCore
0x000000004800b000 	/System/Library/Frameworks/ApplicationServices.framework/Versions/A/Frameworks/QD.framework/Versions/A/QD
0x000000004800b000 	/System/Library/Frameworks/ApplicationServices.framework/Versions/A/Frameworks/SpeechSynthesis.framework/Versions/A/SpeechSynthesis
0x000000004800b000 	/System/Library/Frameworks/Accelerate.framework/Versions/A/Frameworks/vImage.framework/Versions/A/vImage
0x000000004800b000 	/System/Library/Frameworks/Accelerate.framework/Versions/A/Frameworks/vecLib.framework/Versions/A/vecLib
0x000000004800b000 	/System/Library/Frameworks/Accelerate.framework/Versions/A/Frameworks/vecLib.framework/Versions/A/libvDSP.dylib
0x000000004800b000 	/System/Library/Frameworks/Accelerate.framework/Versions/A/Frameworks/vecLib.framework/Versions/A/libBNNS.dylib
0x000000004800b000 	/System/Library/Frameworks/Accelerate.framework/Versions/A/Frameworks/vecLib.framework/Versions/A/libQuadrature.dylib
0x000000004800b000 	/System/Library/Frameworks/Accelerate.framework/Versions/A/Frameworks/vecLib.framework/Versions/A/libvMisc.dylib
0x000000004800b000 	/System/Library/Frameworks/Accelerate.framework/Versions/A/Frameworks/vecLib.framework/Versions/A/libLAPACK.dylib
0x000000004800b000 	/System/Library/Frameworks/Accelerate.framework/Versions/A/Frameworks/vecLib.framework/Versions/A/libBLAS.dylib
0x000000004800b000 	/System/Library/Frameworks/Accelerate.framework/Versions/A/Frameworks/vecLib.framework/Versions/A/libLinearAlgebra.dylib
0x000000004800b000 	/System/Library/Frameworks/Accelerate.framework/Versions/A/Frameworks/vecLib.framework/Versions/A/libSparseBLAS.dylib
0x000000004800b000 	/System/Library/Frameworks/ApplicationServices.framework/Versions/A/Frameworks/ATS.framework/Versions/A/Resources/libFontParser.dylib
0x000000004800b000 	/System/Library/Frameworks/ApplicationServices.framework/Versions/A/Frameworks/ATS.framework/Versions/A/Resources/libFontRegistry.dylib
0x000000004800b000 	/System/Library/Frameworks/ImageIO.framework/Versions/A/Resources/libJPEG.dylib
0x000000004800b000 	/System/Library/Frameworks/ImageIO.framework/Versions/A/Resources/libTIFF.dylib
0x000000004800b000 	/System/Library/Frameworks/ImageIO.framework/Versions/A/Resources/libPng.dylib
0x000000004800b000 	/System/Library/Frameworks/ImageIO.framework/Versions/A/Resources/libGIF.dylib
0x000000004800b000 	/System/Library/Frameworks/ImageIO.framework/Versions/A/Resources/libJP2.dylib
0x000000004800b000 	/System/Library/Frameworks/ImageIO.framework/Versions/A/Resources/libRadiance.dylib
0x000000004800b000 	/usr/lib/libcompression.dylib
0x000000004800b000 	/System/Library/PrivateFrameworks/AppleJPEG.framework/Versions/A/AppleJPEG
0x000000004800b000 	/usr/lib/libcups.2.dylib
0x000000004800b000 	/System/Library/Frameworks/Kerberos.framework/Versions/A/Kerberos
0x000000004800b000 	/System/Library/Frameworks/GSS.framework/Versions/A/GSS
0x000000004800b000 	/usr/lib/libresolv.9.dylib
0x000000004800b000 	/usr/lib/libiconv.2.dylib
0x000000004800b000 	/System/Library/PrivateFrameworks/Heimdal.framework/Versions/A/Heimdal
0x000000004800b000 	/usr/lib/libheimdal-asn1.dylib
0x000000004800b000 	/System/Library/Frameworks/OpenDirectory.framework/Versions/A/OpenDirectory
0x000000004800b000 	/System/Library/PrivateFrameworks/CommonAuth.framework/Versions/A/CommonAuth
0x000000004800b000 	/System/Library/Frameworks/OpenDirectory.framework/Versions/A/Frameworks/CFOpenDirectory.framework/Versions/A/CFOpenDirectory
0x000000004800b000 	/System/Library/Frameworks/SecurityFoundation.framework/Versions/A/SecurityFoundation
0x000000004800b000 	/System/Library/PrivateFrameworks/LanguageModeling.framework/Versions/A/LanguageModeling
0x000000004800b000 	/usr/lib/libmarisa.dylib
0x000000004800b000 	/usr/lib/libChineseTokenizer.dylib
0x000000004800b000 	/usr/lib/libcmph.dylib
0x000000004800b000 	/System/Library/PrivateFrameworks/CoreEmoji.framework/Versions/A/CoreEmoji
0x000000004800b000 	/System/Library/Frameworks/ServiceManagement.framework/Versions/A/ServiceManagement
0x000000004800b000 	/usr/lib/libxslt.1.dylib
0x000000004800b000 	/System/Library/Frameworks/Carbon.framework/Versions/A/Frameworks/Ink.framework/Versions/A/Ink
0x000000004800b000 	/System/Library/PrivateFrameworks/TextureIO.framework/Versions/A/TextureIO
0x000000004800b000 	/System/Library/Frameworks/Metal.framework/Versions/A/Metal
0x000000004800b000 	/usr/lib/libate.dylib
0x000000004800b000 	/System/Library/PrivateFrameworks/GPUCompiler.framework/libmetal_timestamp.dylib
0x000000004800b000 	/System/Library/Frameworks/OpenGL.framework/Versions/A/Libraries/libCoreFSCache.dylib
0x000000004800b000 	/System/Library/PrivateFrameworks/IOAccelerator.framework/Versions/A/IOAccelerator
0x000000004800b000 	/System/Library/Frameworks/CoreVideo.framework/Versions/A/CoreVideo
0x000000004800b000 	/usr/lib/libFosl_dynamic.dylib
0x000000004800b000 	/System/Library/PrivateFrameworks/MetalPerformanceShaders.framework/Versions/A/MetalPerformanceShaders
0x000000004800b000 	/System/Library/PrivateFrameworks/FaceCore.framework/Versions/A/FaceCore
0x000000004800b000 	/System/Library/Frameworks/OpenCL.framework/Versions/A/OpenCL
0x000000004800b000 	/System/Library/Frameworks/OpenGL.framework/Versions/A/Libraries/libGLU.dylib
0x000000004800b000 	/System/Library/Frameworks/OpenGL.framework/Versions/A/Libraries/libGFXShared.dylib
0x000000004800b000 	/System/Library/Frameworks/OpenGL.framework/Versions/A/Libraries/libGL.dylib
0x000000004800b000 	/System/Library/Frameworks/OpenGL.framework/Versions/A/Libraries/libGLImage.dylib
0x000000004800b000 	/System/Library/Frameworks/OpenGL.framework/Versions/A/Libraries/libCVMSPluginSupport.dylib
0x000000004800b000 	/System/Library/Frameworks/OpenGL.framework/Versions/A/Libraries/libCoreVMClient.dylib
0x000000004800b000 	/System/Library/PrivateFrameworks/CrashReporterSupport.framework/Versions/A/CrashReporterSupport
0x000000004800b000 	/System/Library/PrivateFrameworks/Sharing.framework/Versions/A/Sharing
0x000000004800b000 	/System/Library/PrivateFrameworks/IconServices.framework/Versions/A/IconServices
0x000000004800b000 	/System/Library/PrivateFrameworks/ProtocolBuffer.framework/Versions/A/ProtocolBuffer
0x000000004800b000 	/System/Library/PrivateFrameworks/Apple80211.framework/Versions/A/Apple80211
0x000000004800b000 	/System/Library/Frameworks/CoreWLAN.framework/Versions/A/CoreWLAN
0x000000004800b000 	/System/Library/PrivateFrameworks/CoreUtils.framework/Versions/A/CoreUtils
0x000000004800b000 	/System/Library/Frameworks/IOBluetooth.framework/Versions/A/IOBluetooth
0x000000004800b000 	/System/Library/PrivateFrameworks/CoreWiFi.framework/Versions/A/CoreWiFi
0x000000004800b000 	/System/Library/Frameworks/CoreBluetooth.framework/Versions/A/CoreBluetooth
0x000000004800b000 	/System/Library/Frameworks/CoreDisplay.framework/Versions/A/CoreDisplay
0x000000004800b000 	/System/Library/PrivateFrameworks/IOPresentment.framework/Versions/A/IOPresentment
0x000000004800b000 	/System/Library/PrivateFrameworks/DSExternalDisplay.framework/Versions/A/DSExternalDisplay
0x000000004800b000 	/System/Library/PrivateFrameworks/DebugSymbols.framework/Versions/A/DebugSymbols
0x000000004800b000 	/System/Library/PrivateFrameworks/CoreSymbolication.framework/Versions/A/CoreSymbolication
0x000000004800b000 	/System/Library/PrivateFrameworks/Symbolication.framework/Versions/A/Symbolication
0x000000004800b000 	/System/Library/PrivateFrameworks/AppleFSCompression.framework/Versions/A/AppleFSCompression
0x000000004800b000 	/System/Library/PrivateFrameworks/SpeechRecognitionCore.framework/Versions/A/SpeechRecognitionCore
0x000000004800b000 	/System/Library/PrivateFrameworks/ChunkingLibrary.framework/Versions/A/ChunkingLibrary
0x0000000103a00000 	/Library/Internet Plug-Ins/JavaAppletPlugin.plugin/Contents/Home/lib/server/libjvm.dylib
0x00000001049a2000 	/usr/lib/libstdc++.6.dylib
0x0000000103197000 	/Library/Internet Plug-Ins/JavaAppletPlugin.plugin/Contents/Home/lib/libverify.dylib
0x00000001031a5000 	/Library/Internet Plug-Ins/JavaAppletPlugin.plugin/Contents/Home/lib/libjava.dylib
0x00000001031e4000 	/Library/Internet Plug-Ins/JavaAppletPlugin.plugin/Contents/Home/lib/libzip.dylib
0x0000000107396000 	/System/Library/Frameworks/JavaVM.framework/Frameworks/JavaRuntimeSupport.framework/JavaRuntimeSupport
0x00000001073b0000 	/System/Library/Frameworks/JavaVM.framework/Versions/A/Frameworks/JavaNativeFoundation.framework/Versions/A/JavaNativeFoundation
0x00000001031ed000 	/System/Library/Frameworks/JavaVM.framework/Versions/A/JavaVM
0x000000004800b000 	/System/Library/Frameworks/Carbon.framework/Versions/A/Carbon
0x00000001073c5000 	/System/Library/PrivateFrameworks/JavaLaunching.framework/Versions/A/JavaLaunching
0x000000004800b000 	/System/Library/Frameworks/Carbon.framework/Versions/A/Frameworks/CommonPanels.framework/Versions/A/CommonPanels
0x000000004800b000 	/System/Library/Frameworks/Carbon.framework/Versions/A/Frameworks/Help.framework/Versions/A/Help
0x000000004800b000 	/System/Library/Frameworks/Carbon.framework/Versions/A/Frameworks/ImageCapture.framework/Versions/A/ImageCapture
0x000000004800b000 	/System/Library/Frameworks/Carbon.framework/Versions/A/Frameworks/OpenScripting.framework/Versions/A/OpenScripting
0x000000004800b000 	/System/Library/Frameworks/Carbon.framework/Versions/A/Frameworks/Print.framework/Versions/A/Print
0x000000004800b000 	/System/Library/Frameworks/Carbon.framework/Versions/A/Frameworks/SecurityHI.framework/Versions/A/SecurityHI
0x0000000107474000 	/Library/Internet Plug-Ins/JavaAppletPlugin.plugin/Contents/Home/lib/libawt.dylib
0x000000010768b000 	/Library/Internet Plug-Ins/JavaAppletPlugin.plugin/Contents/Home/lib/./libmlib_image.dylib
0x0000000107757000 	/Library/Internet Plug-Ins/JavaAppletPlugin.plugin/Contents/Home/lib/libawt_lwawt.dylib
0x000000010751c000 	/Library/Internet Plug-Ins/JavaAppletPlugin.plugin/Contents/Home/lib/./libosxapp.dylib
0x000000004800b000 	/System/Library/Frameworks/ExceptionHandling.framework/Versions/A/ExceptionHandling
0x000000004800b000 	/System/Library/PrivateFrameworks/CoreServicesInternal.framework/Versions/A/CoreServicesInternal
0x000000004800b000 	/System/Library/CoreServices/RawCamera.bundle/Contents/MacOS/RawCamera
0x0000000107c70000 	/System/Library/Frameworks/Accelerate.framework/Frameworks/vImage.framework/Versions/A/Libraries/libCGInterfaces.dylib
0x000000004800b000 	/System/Library/Frameworks/ApplicationServices.framework/Versions/A/Frameworks/ATS.framework/Versions/A/Resources/libTrueTypeScaler.dylib
0x000000011db4e000 	/System/Library/Frameworks/OpenGL.framework/Resources/GLEngine.bundle/GLEngine
0x000000004800b000 	/System/Library/Frameworks/OpenGL.framework/Versions/A/Libraries/libGLProgrammability.dylib
0x000000011dd33000 	/System/Library/Extensions/AppleIntelHD4000GraphicsGLDriver.bundle/Contents/MacOS/AppleIntelHD4000GraphicsGLDriver
0x000000004800b000 	/System/Library/PrivateFrameworks/GPUSupport.framework/Versions/A/Libraries/libGPUSupportMercury.dylib
0x000000011e341000 	/System/Library/Frameworks/OpenGL.framework/Resources//GLRendererFloat.bundle/GLRendererFloat
0x000000004800b000 	/System/Library/Frameworks/OpenCL.framework/Versions/A/Libraries/libcldcpuengine.dylib
0x000000004800b000 	/usr/lib/libcrypto.0.9.8.dylib
0x000000004800b000 	/System/Library/PrivateFrameworks/TrustEvaluationAgent.framework/Versions/A/TrustEvaluationAgent
0x000000011e375000 	/System/Library/Extensions/AppleIntelHD4000GraphicsMTLDriver.bundle/Contents/MacOS/AppleIntelHD4000GraphicsMTLDriver
0x000000004800b000 	/System/Library/PrivateFrameworks/FamilyControls.framework/Versions/A/FamilyControls
0x000000004800b000 	/System/Library/PrivateFrameworks/CommerceKit.framework/Versions/A/Frameworks/CommerceCore.framework/Versions/A/CommerceCore
0x000000004800b000 	/System/Library/PrivateFrameworks/SystemAdministration.framework/Versions/A/SystemAdministration
0x000000004800b000 	/System/Library/PrivateFrameworks/AppContainer.framework/Versions/A/AppContainer
0x000000004800b000 	/System/Library/PrivateFrameworks/SecCodeWrapper.framework/Versions/A/SecCodeWrapper
0x000000004800b000 	/System/Library/Frameworks/DirectoryService.framework/Versions/A/DirectoryService
0x000000004800b000 	/System/Library/PrivateFrameworks/DiskImages.framework/Versions/A/DiskImages
0x000000004800b000 	/System/Library/PrivateFrameworks/LoginUIKit.framework/Versions/A/Frameworks/LoginUICore.framework/Versions/A/LoginUICore
0x000000004800b000 	/usr/lib/libCoreStorage.dylib
0x000000004800b000 	/usr/lib/libcsfde.dylib
0x000000004800b000 	/usr/lib/libodfde.dylib
0x000000004800b000 	/System/Library/Frameworks/DiscRecording.framework/Versions/A/DiscRecording
0x000000004800b000 	/usr/lib/libcurl.4.dylib
0x000000004800b000 	/System/Library/PrivateFrameworks/MediaKit.framework/Versions/A/MediaKit
0x000000004800b000 	/System/Library/PrivateFrameworks/ProtectedCloudStorage.framework/Versions/A/ProtectedCloudStorage
0x000000004800b000 	/System/Library/PrivateFrameworks/EFILogin.framework/Versions/A/EFILogin
0x000000004800b000 	/usr/lib/libutil.dylib
0x000000004800b000 	/System/Library/Frameworks/LDAP.framework/Versions/A/LDAP
0x000000004800b000 	/usr/lib/libsasl2.2.dylib
0x000000004800b000 	/System/Library/PrivateFrameworks/CoreDaemon.framework/Versions/B/CoreDaemon
0x000000004800b000 	/System/Library/PrivateFrameworks/AppleSRP.framework/Versions/A/AppleSRP
0x000000004800b000 	/System/Library/PrivateFrameworks/APFS.framework/Versions/A/APFS
0x000000011f6bd000 	/Library/Internet Plug-Ins/JavaAppletPlugin.plugin/Contents/Home/lib/libfontmanager.dylib
0x000000011cfcc000 	/Library/Internet Plug-Ins/JavaAppletPlugin.plugin/Contents/Home/lib/libosxui.dylib
0x000000004800b000 	/System/Library/PrivateFrameworks/ViewBridge.framework/Versions/A/ViewBridge
0x000000004800b000 	/System/Library/PrivateFrameworks/XPCService.framework/Versions/A/XPCService
0x000000004800b000 	/System/Library/PrivateFrameworks/AppSandbox.framework/Versions/A/AppSandbox
0x000000004800b000 	/usr/lib/libsandbox.1.dylib
0x000000004800b000 	/usr/lib/libMatch.1.dylib
0x000000012139e000 	/Library/Internet Plug-Ins/JavaAppletPlugin.plugin/Contents/Home/lib/libprism_es2.dylib
0x00000001217dd000 	/Library/Internet Plug-Ins/JavaAppletPlugin.plugin/Contents/Home/lib/libglass.dylib
0x0000000123333000 	/Library/Internet Plug-Ins/JavaAppletPlugin.plugin/Contents/Home/lib/libnet.dylib
0x0000000123392000 	/Library/Internet Plug-Ins/JavaAppletPlugin.plugin/Contents/Home/lib/libnio.dylib
0x00000001a334c000 	/Library/Internet Plug-Ins/JavaAppletPlugin.plugin/Contents/Home/lib/libjfxwebkit.dylib
0x000000011cec8000 	/Library/Internet Plug-Ins/JavaAppletPlugin.plugin/Contents/Home/lib/libjavafx_font.dylib
0x00000001aa519000 	/Library/Internet Plug-Ins/JavaAppletPlugin.plugin/Contents/Home/lib/libsunec.dylib
0x0000000107465000 	/Library/Internet Plug-Ins/JavaAppletPlugin.plugin/Contents/Home/lib/libprism_common.dylib

VM Arguments:
java_command: ../../FHIR/3.0/org.hl7.fhir.igpublisher.jar
java_class_path (initial): ../../FHIR/3.0/org.hl7.fhir.igpublisher.jar
Launcher Type: SUN_STANDARD

Environment Variables:
PATH=/opt/local/bin:/opt/local/sbin:/usr/bin:/bin:/usr/sbin:/sbin:/usr/local/bin:/usr/local/sbin:/opt/X11/bin:/usr/local/git/bin:/usr/local/mysql/bin
SHELL=/bin/bash
DISPLAY=/private/tmp/com.apple.launchd.CfqMGNCFL6/org.macosforge.xquartz:0

Signal Handlers:
SIGSEGV: [libjvm.dylib+0x5b1141], sa_mask[0]=11111111011111110111111111111111, sa_flags=SA_ONSTACK|SA_RESTART|SA_SIGINFO
SIGBUS: [libjvm.dylib+0x5b1141], sa_mask[0]=11111111011111110111111111111111, sa_flags=SA_RESTART|SA_SIGINFO
SIGFPE: [libjvm.dylib+0x487bc4], sa_mask[0]=11111111011111110111111111111111, sa_flags=SA_RESTART|SA_SIGINFO
SIGPIPE: [libjvm.dylib+0x487bc4], sa_mask[0]=11111111011111110111111111111111, sa_flags=SA_RESTART|SA_SIGINFO
SIGXFSZ: [libjvm.dylib+0x487bc4], sa_mask[0]=11111111011111110111111111111111, sa_flags=SA_RESTART|SA_SIGINFO
SIGILL: [libjvm.dylib+0x487bc4], sa_mask[0]=11111111011111110111111111111111, sa_flags=SA_RESTART|SA_SIGINFO
SIGUSR1: SIG_DFL, sa_mask[0]=11011111011111100000000111000110, sa_flags=none
SIGUSR2: [libjvm.dylib+0x4876e2], sa_mask[0]=00000000000000000000000000000000, sa_flags=SA_RESTART|SA_SIGINFO
SIGHUP: [libjvm.dylib+0x485cb9], sa_mask[0]=11111111011111110111111111111111, sa_flags=SA_RESTART|SA_SIGINFO
SIGINT: SIG_IGN, sa_mask[0]=00000000000000000000000000000000, sa_flags=none
SIGTERM: [libjvm.dylib+0x485cb9], sa_mask[0]=11111111011111110111111111111111, sa_flags=SA_RESTART|SA_SIGINFO
SIGQUIT: [libjvm.dylib+0x485cb9], sa_mask[0]=11111111011111110111111111111111, sa_flags=SA_RESTART|SA_SIGINFO


---------------  S Y S T E M  ---------------

OS:Bsduname:Darwin 16.6.0 Darwin Kernel Version 16.6.0: Fri Apr 14 16:21:16 PDT 2017; root:xnu-3789.60.24~6/RELEASE_X86_64 x86_64
rlimit: STACK 8192k, CORE 0k, NPROC 709, NOFILE 10240, AS infinity
load average:1.67 1.99 2.39

CPU:total 4 (2 cores per cpu, 2 threads per core) family 6 model 58 stepping 9, cmov, cx8, fxsr, mmx, sse, sse2, sse3, ssse3, sse4.1, sse4.2, popcnt, avx, aes, clmul, erms, ht, tsc, tscinvbit, tscinv

Memory: 4k page, physical 8388608k(107360k free)

/proc/meminfo:


vm_info: Java HotSpot(TM) 64-Bit Server VM (25.121-b13) for bsd-amd64 JRE (1.8.0_121-b13), built on Dec 12 2016 20:39:32 by "java_re" with gcc 4.2.1 (Based on Apple Inc. build 5658) (LLVM build 2336.11.00)

time: Wed May 24 11:43:48 2017
elapsed time: 22173 seconds (0d 6h 9m 33s)

