#
# A fatal error has been detected by the Java Runtime Environment:
#
#  SIGSEGV (0xb) at pc=0x00000001075d02d7, pid=42562, tid=0x000000000000d407
#
# JRE version: Java(TM) SE Runtime Environment (8.0_121-b13) (build 1.8.0_121-b13)
# Java VM: Java HotSpot(TM) 64-Bit Server VM (25.121-b13 mixed mode bsd-amd64 compressed oops)
# Problematic frame:
# C  [libawt_lwawt.dylib+0x1c2d7]  OGLSD_SetScratchSurface+0x49
#
# Failed to write core dump. Core dumps have been disabled. To enable core dumping, try "ulimit -c unlimited" before starting Java again
#
# If you would like to submit a bug report, please visit:
#   http://bugreport.java.com/bugreport/crash.jsp
# The crash happened outside the Java Virtual Machine in native code.
# See problematic frame for where to report the bug.
#

---------------  T H R E A D  ---------------

Current thread (0x00007f7fd836d800):  JavaThread "Java2D Queue Flusher" daemon [_thread_in_native, id=54279, stack(0x000070000a22d000,0x000070000a32d000)]

siginfo: si_signo: 11 (SIGSEGV), si_code: 1 (SEGV_MAPERR), si_addr: 0x0000000000000002

Registers:
RAX=0x00000000ffffffff, RBX=0x0000000000000002, RCX=0x0000000000000047, RDX=0x00000001075f1370
RSP=0x000070000a32c810, RBP=0x000070000a32c830, RSI=0x00007f7fd6fcbba0, RDI=0x00007f7fd836d9f8
R8 =0x0000000000000020, R9 =0x0000000000000000, R10=0x00000001096f1ef8, R11=0x00000000e8042aeb
R12=0x0000000000000000, R13=0x0000000740215818, R14=0x00007f7fd836d9f8, R15=0x00007f7fd836d800
RIP=0x00000001075d02d7, EFLAGS=0x0000000000010202, ERR=0x0000000000000004
  TRAPNO=0x000000000000000e

Top of Stack: (sp=0x000070000a32c810)
0x000070000a32c810:   00007f7fd6fcbba0 0000000000000000
0x000070000a32c820:   00007f7fd83a0e10 00007f7fd836d800
0x000070000a32c830:   000070000a32c8b0 00000001075f0e4e
0x000070000a32c840:   0000000000000064 00007f7fd6dd4ad8
0x000070000a32c850:   000070000a32c8b0 0000000103b4f494
0x000070000a32c860:   0000000000000005 00007f7fd836d800
0x000070000a32c870:   0000000740215801 00007f7fd83a0e20
0x000070000a32c880:   000070000032c800 00007f7fd836d9f8
0x000070000a32c890:   0000000000000000 0000000000000000
0x000070000a32c8a0:   000070000a32c960 00007f7fd836d800
0x000070000a32c8b0:   000070000a32c900 00000001096f1f6a
0x000070000a32c8c0:   0000000740215740 00000001091704cc
0x000070000a32c8d0:   000000010573b8c8 0000000000000000
0x000070000a32c8e0:   00007f7fd6dd5940 00000001093c3558
0x000070000a32c8f0:   000070000a32c960 0000000000000246
0x000070000a32c900:   00000000e8042ae8 0000000108e65970
0x000070000a32c910:   0000000740215740 0000000740215818
0x000070000a32c920:   0000000000000000 0000000000000000
0x000070000a32c930:   0000000740215818 000070000a32c9d0
0x000070000a32c940:   0000000000000001 0000000000000000
0x000070000a32c950:   000070000a32c9d0 00000001086117a7
0x000070000a32c960:   0000000740215818 0000000740215818
0x000070000a32c970:   0000700000001fa0 000000000000000a
0x000070000a32c980:   00007f7fd836d800 0000000000000001
0x000070000a32c990:   000000010861171f 0000000105db8c68
0x000070000a32c9a0:   000070000a32ca68 000070000a32cd00
0x000070000a32c9b0:   000000010000000a 0000000105db8c68
0x000070000a32c9c0:   0000000108624120 000070000a32cc70
0x000070000a32c9d0:   000070000a32cb80 0000000103aed9d6
0x000070000a32c9e0:   0000700000000001 00007f7fd836d800
0x000070000a32c9f0:   00007f7fd836d800 000070000a32cd00
0x000070000a32ca00:   00007f7fd6dd4ad0 0000000108624120 

Instructions: (pc=0x00000001075d02d7)
0x00000001075d02b7:   c0 e9 82 00 00 00 48 8b 5e 10 48 85 db 75 0e bf
0x00000001075d02c7:   01 00 00 00 48 8d 15 0a 7e 03 00 eb d6 49 89 fe
0x00000001075d02d7:   4c 8b 3b 30 c0 e8 d9 a8 02 00 49 8b 3f 49 89 c4
0x00000001075d02e7:   48 8b 35 d2 03 06 00 30 c0 e8 e5 a9 02 00 48 85 

Register to memory mapping:

RAX=0x00000000ffffffff is an unknown value
RBX=0x0000000000000002 is an unknown value
RCX=0x0000000000000047 is an unknown value
RDX=0x00000001075f1370: Java_sun_java2d_opengl_OGLRenderQueue_flushBuffer+0xb5c in /Library/Internet Plug-Ins/JavaAppletPlugin.plugin/Contents/Home/lib/libawt_lwawt.dylib at 0x00000001075b4000
RSP=0x000070000a32c810 is pointing into the stack for thread: 0x00007f7fd836d800
RBP=0x000070000a32c830 is pointing into the stack for thread: 0x00007f7fd836d800
RSI=0x00007f7fd6fcbba0 is an unknown value
RDI=0x00007f7fd836d9f8 is an unknown value
R8 =0x0000000000000020 is an unknown value
R9 =0x0000000000000000 is an unknown value
R10=0x00000001096f1ef8 is at entry_point+56 in (nmethod*)0x00000001096f1d50
R11=0x00000000e8042aeb is an unknown value
R12=0x0000000000000000 is an unknown value
R13=0x0000000740215818 is an oop
sun.java2d.opengl.OGLRenderQueue$QueueFlusher 
 - klass: 'sun/java2d/opengl/OGLRenderQueue$QueueFlusher'
R14=0x00007f7fd836d9f8 is an unknown value
R15=0x00007f7fd836d800 is a thread


Stack: [0x000070000a22d000,0x000070000a32d000],  sp=0x000070000a32c810,  free space=1022k
Native frames: (J=compiled Java code, j=interpreted, Vv=VM code, C=native code)
C  [libawt_lwawt.dylib+0x1c2d7]  OGLSD_SetScratchSurface+0x49
C  [libawt_lwawt.dylib+0x3ce4e]  Java_sun_java2d_opengl_OGLRenderQueue_flushBuffer+0x63a
J 5736  sun.java2d.opengl.OGLRenderQueue.flushBuffer(JI)V (0 bytes) @ 0x00000001096f1f6a [0x00000001096f1ec0+0xaa]
J 10918% C2 sun.java2d.opengl.OGLRenderQueue$QueueFlusher.run()V (234 bytes) @ 0x0000000108e65970 [0x0000000108e65600+0x370]
v  ~StubRoutines::call_stub
V  [libjvm.dylib+0x2ed9d6]  JavaCalls::call_helper(JavaValue*, methodHandle*, JavaCallArguments*, Thread*)+0x6ae
V  [libjvm.dylib+0x2ee164]  JavaCalls::call_virtual(JavaValue*, KlassHandle, Symbol*, Symbol*, JavaCallArguments*, Thread*)+0x164
V  [libjvm.dylib+0x2ee310]  JavaCalls::call_virtual(JavaValue*, Handle, KlassHandle, Symbol*, Symbol*, Thread*)+0x4a
V  [libjvm.dylib+0x348a5d]  thread_entry(JavaThread*, Thread*)+0x7c
V  [libjvm.dylib+0x56ab0f]  JavaThread::thread_main_inner()+0x9b
V  [libjvm.dylib+0x56c1fc]  JavaThread::run()+0x1c2
V  [libjvm.dylib+0x48a5b2]  java_start(Thread*)+0xf6
C  [libsystem_pthread.dylib+0x393b]  _pthread_body+0xb4
C  [libsystem_pthread.dylib+0x3887]  _pthread_body+0x0
C  [libsystem_pthread.dylib+0x308d]  thread_start+0xd
C  0x0000000000000000

Java frames: (J=compiled Java code, j=interpreted, Vv=VM code)
J 5736  sun.java2d.opengl.OGLRenderQueue.flushBuffer(JI)V (0 bytes) @ 0x00000001096f1ef8 [0x00000001096f1ec0+0x38]
J 10918% C2 sun.java2d.opengl.OGLRenderQueue$QueueFlusher.run()V (234 bytes) @ 0x0000000108e65970 [0x0000000108e65600+0x370]
v  ~StubRoutines::call_stub

---------------  P R O C E S S  ---------------

Java Threads: ( => current thread )
  0x00007f7fe327a000 JavaThread "SwingWorker-pool-2-thread-10" daemon [_thread_blocked, id=72783, stack(0x000070000b494000,0x000070000b594000)]
  0x00007f7fd72a0800 JavaThread "SwingWorker-pool-2-thread-9" daemon [_thread_blocked, id=75071, stack(0x000070000b391000,0x000070000b491000)]
  0x00007f7fe204b800 JavaThread "SwingWorker-pool-2-thread-8" daemon [_thread_blocked, id=75339, stack(0x000070000b28e000,0x000070000b38e000)]
  0x00007f7fe32c9000 JavaThread "SwingWorker-pool-2-thread-7" daemon [_thread_blocked, id=5083, stack(0x000070000b18b000,0x000070000b28b000)]
  0x00007f7fe2032800 JavaThread "SwingWorker-pool-2-thread-6" daemon [_thread_blocked, id=73947, stack(0x000070000b005000,0x000070000b105000)]
  0x00007f7fe2019000 JavaThread "SwingWorker-pool-2-thread-5" daemon [_thread_blocked, id=5627, stack(0x000070000af02000,0x000070000b002000)]
  0x00007f7fe32d0000 JavaThread "SwingWorker-pool-2-thread-4" daemon [_thread_in_Java, id=4783, stack(0x000070000adff000,0x000070000aeff000)]
  0x00007f7fd7603000 JavaThread "SwingWorker-pool-2-thread-3" daemon [_thread_blocked, id=35823, stack(0x000070000ac79000,0x000070000ad79000)]
  0x00007f7fe20b8000 JavaThread "SwingWorker-pool-2-thread-2" daemon [_thread_blocked, id=58315, stack(0x000070000ab76000,0x000070000ac76000)]
  0x00007f7fd71c6800 JavaThread "Prism Font Disposer" daemon [_thread_blocked, id=70067, stack(0x000070000aa73000,0x000070000ab73000)]
  0x00007f7fd8d57000 JavaThread "Disposer" daemon [_thread_blocked, id=35087, stack(0x000070000a970000,0x000070000aa70000)]
  0x00007f7fdb113000 JavaThread "SwingWorker-pool-2-thread-1" daemon [_thread_blocked, id=25999, stack(0x000070000a86d000,0x000070000a96d000)]
  0x00007f7fd8c2f800 JavaThread "TimerQueue" daemon [_thread_blocked, id=68091, stack(0x000070000a6e7000,0x000070000a7e7000)]
  0x00007f7fd8a8d800 JavaThread "Thread-2" daemon [_thread_in_native, id=66563, stack(0x000070000a664000,0x000070000a6e4000)]
  0x00007f7fd8a89000 JavaThread "Thread-1" daemon [_thread_blocked, id=63747, stack(0x000070000a561000,0x000070000a661000)]
  0x00007f7fd7852800 JavaThread "QuantumRenderer-0" daemon [_thread_blocked, id=62731, stack(0x000070000a45e000,0x000070000a55e000)]
  0x00007f7fd8401000 JavaThread "Java2D Disposer" daemon [_thread_blocked, id=57359, stack(0x000070000a330000,0x000070000a430000)]
=>0x00007f7fd836d800 JavaThread "Java2D Queue Flusher" daemon [_thread_in_native, id=54279, stack(0x000070000a22d000,0x000070000a32d000)]
  0x00007f7fd8354000 JavaThread "DestroyJavaVM" [_thread_blocked, id=7171, stack(0x0000700009074000,0x0000700009174000)]
  0x00007f7fd89c0000 JavaThread "AWT-EventQueue-0" [_thread_blocked, id=48431, stack(0x000070000a12a000,0x000070000a22a000)]
  0x00007f7fd8290800 JavaThread "AWT-Shutdown" [_thread_blocked, id=29471, stack(0x0000700009f21000,0x000070000a021000)]
  0x00007f7fd8181000 JavaThread "JavaFX Application Thread" daemon [_thread_in_native, id=775, stack(0x00007fff5c4ba000,0x00007fff5ccba000)]
  0x00007f7fd8856800 JavaThread "Service Thread" daemon [_thread_blocked, id=18691, stack(0x0000700009c98000,0x0000700009d98000)]
  0x00007f7fd8854000 JavaThread "C1 CompilerThread2" daemon [_thread_blocked, id=18179, stack(0x0000700009b95000,0x0000700009c95000)]
  0x00007f7fd882e800 JavaThread "C2 CompilerThread1" daemon [_thread_blocked, id=17667, stack(0x0000700009a92000,0x0000700009b92000)]
  0x00007f7fd8842000 JavaThread "C2 CompilerThread0" daemon [_thread_blocked, id=17155, stack(0x000070000998f000,0x0000700009a8f000)]
  0x00007f7fd802c000 JavaThread "Signal Dispatcher" daemon [_thread_blocked, id=16643, stack(0x000070000988c000,0x000070000998c000)]
  0x00007f7fd8825800 JavaThread "Finalizer" daemon [_thread_blocked, id=12547, stack(0x0000700009789000,0x0000700009889000)]
  0x00007f7fd7804000 JavaThread "Reference Handler" daemon [_thread_blocked, id=12035, stack(0x0000700009686000,0x0000700009786000)]

Other Threads:
  0x00007f7fd881f000 VMThread [stack: 0x0000700009583000,0x0000700009683000] [id=11523]
  0x00007f7fd8857800 WatcherThread [stack: 0x0000700009d9b000,0x0000700009e9b000] [id=19203]

VM state:not at safepoint (normal execution)

VM Mutex/Monitor currently owned by a thread: None

Heap:
 PSYoungGen      total 470016K, used 48356K [0x0000000795580000, 0x00000007c0000000, 0x00000007c0000000)
  eden space 363008K, 13% used [0x0000000795580000,0x00000007984b92e0,0x00000007ab800000)
  from space 107008K, 0% used [0x00000007b9780000,0x00000007b9780000,0x00000007c0000000)
  to   space 167936K, 0% used [0x00000007ab800000,0x00000007ab800000,0x00000007b5c00000)
 ParOldGen       total 707584K, used 331805K [0x0000000740000000, 0x000000076b300000, 0x0000000795580000)
  object space 707584K, 46% used [0x0000000740000000,0x0000000754407440,0x000000076b300000)
 Metaspace       used 56791K, capacity 57617K, committed 58024K, reserved 1101824K
  class space    used 5650K, capacity 5858K, committed 5888K, reserved 1048576K

Card table byte_map: [0x0000000104c67000,0x0000000105068000] byte_map_base: 0x0000000101267000

Marking Bits: (ParMarkBitMap*) 0x00000001040f0d30
 Begin Bits: [0x0000000117611000, 0x0000000119611000)
 End Bits:   [0x0000000119611000, 0x000000011b611000)

Polling page: 0x0000000102ff5000

CodeCache: size=245760Kb used=34077Kb max_used=34192Kb free=211682Kb
 bounds [0x0000000108611000, 0x000000010a7c1000, 0x0000000117611000]
 total_blobs=8781 nmethods=7873 adapters=819
 compilation: enabled

Compilation events (10 events):
Event: 54797.813 Thread 0x00007f7fd8854000 10939       1       org.hl7.fhir.r4.model.CodeSystem::setCopyrightElement (7 bytes)
Event: 54797.813 Thread 0x00007f7fd8854000 nmethod 10939 0x00000001093c6510 code [0x00000001093c6660, 0x00000001093c6790]
Event: 54798.062 Thread 0x00007f7fd8854000 10940       3       org.hl7.fhir.r4.formats.XmlParser::parseValueSetValueSetExpansionComponentContent (230 bytes)
Event: 54798.067 Thread 0x00007f7fd8854000 nmethod 10940 0x00000001093e0250 code [0x00000001093e05e0, 0x00000001093e2128]
Event: 54798.217 Thread 0x00007f7fd8854000 10941       3       java.util.Hashtable::getEnumeration (22 bytes)
Event: 54798.219 Thread 0x00007f7fd8854000 nmethod 10941 0x00000001091c6c10 code [0x00000001091c6d80, 0x00000001091c7028]
Event: 54798.398 Thread 0x00007f7fd8854000 10942  s    3       java.util.Hashtable::keys (6 bytes)
Event: 54798.399 Thread 0x00007f7fd8854000 nmethod 10942 0x000000010929ab90 code [0x000000010929ad20, 0x000000010929b1a8]
Event: 54798.601 Thread 0x00007f7fd8854000 10943       3       java.util.Hashtable$Enumerator::nextElement (111 bytes)
Event: 54798.602 Thread 0x00007f7fd8854000 nmethod 10943 0x0000000108df1810 code [0x0000000108df19a0, 0x0000000108df1e28]

GC Heap History (10 events):
Event: 54796.428 GC heap before
{Heap before GC invocations=222 (full 19):
 PSYoungGen      total 529408K, used 453568K [0x0000000795580000, 0x00000007be700000, 0x00000007c0000000)
  eden space 416256K, 100% used [0x0000000795580000,0x00000007aec00000,0x00000007aec00000)
  from space 113152K, 32% used [0x00000007b7880000,0x00000007b9cf0020,0x00000007be700000)
  to   space 128512K, 0% used [0x00000007aec00000,0x00000007aec00000,0x00000007b6980000)
 ParOldGen       total 723968K, used 406228K [0x0000000740000000, 0x000000076c300000, 0x0000000795580000)
  object space 723968K, 56% used [0x0000000740000000,0x0000000758cb52c8,0x000000076c300000)
 Metaspace       used 56813K, capacity 57665K, committed 58024K, reserved 1101824K
  class space    used 5654K, capacity 5866K, committed 5888K, reserved 1048576K
Event: 54796.587 GC heap after
Heap after GC invocations=222 (full 19):
 PSYoungGen      total 544768K, used 34208K [0x0000000795580000, 0x00000007bff00000, 0x00000007c0000000)
  eden space 416256K, 0% used [0x0000000795580000,0x0000000795580000,0x00000007aec00000)
  from space 128512K, 26% used [0x00000007aec00000,0x00000007b0d68010,0x00000007b6980000)
  to   space 120320K, 0% used [0x00000007b8980000,0x00000007b8980000,0x00000007bff00000)
 ParOldGen       total 723968K, used 443761K [0x0000000740000000, 0x000000076c300000, 0x0000000795580000)
  object space 723968K, 61% used [0x0000000740000000,0x000000075b15c650,0x000000076c300000)
 Metaspace       used 56813K, capacity 57665K, committed 58024K, reserved 1101824K
  class space    used 5654K, capacity 5866K, committed 5888K, reserved 1048576K
}
Event: 54797.126 GC heap before
{Heap before GC invocations=223 (full 19):
 PSYoungGen      total 544768K, used 450464K [0x0000000795580000, 0x00000007bff00000, 0x00000007c0000000)
  eden space 416256K, 100% used [0x0000000795580000,0x00000007aec00000,0x00000007aec00000)
  from space 128512K, 26% used [0x00000007aec00000,0x00000007b0d68010,0x00000007b6980000)
  to   space 120320K, 0% used [0x00000007b8980000,0x00000007b8980000,0x00000007bff00000)
 ParOldGen       total 723968K, used 443761K [0x0000000740000000, 0x000000076c300000, 0x0000000795580000)
  object space 723968K, 61% used [0x0000000740000000,0x000000075b15c650,0x000000076c300000)
 Metaspace       used 56813K, capacity 57665K, committed 58024K, reserved 1101824K
  class space    used 5654K, capacity 5866K, committed 5888K, reserved 1048576K
Event: 54797.250 GC heap after
Heap after GC invocations=223 (full 19):
 PSYoungGen      total 549888K, used 26816K [0x0000000795580000, 0x00000007beb00000, 0x00000007c0000000)
  eden space 450048K, 0% used [0x0000000795580000,0x0000000795580000,0x00000007b0d00000)
  from space 99840K, 26% used [0x00000007b8980000,0x00000007ba3b0020,0x00000007beb00000)
  to   space 113664K, 0% used [0x00000007b0d00000,0x00000007b0d00000,0x00000007b7c00000)
 ParOldGen       total 723968K, used 478297K [0x0000000740000000, 0x000000076c300000, 0x0000000795580000)
  object space 723968K, 66% used [0x0000000740000000,0x000000075d316660,0x000000076c300000)
 Metaspace       used 56813K, capacity 57665K, committed 58024K, reserved 1101824K
  class space    used 5654K, capacity 5866K, committed 5888K, reserved 1048576K
}
Event: 54797.890 GC heap before
{Heap before GC invocations=224 (full 19):
 PSYoungGen      total 549888K, used 476864K [0x0000000795580000, 0x00000007beb00000, 0x00000007c0000000)
  eden space 450048K, 100% used [0x0000000795580000,0x00000007b0d00000,0x00000007b0d00000)
  from space 99840K, 26% used [0x00000007b8980000,0x00000007ba3b0020,0x00000007beb00000)
  to   space 113664K, 0% used [0x00000007b0d00000,0x00000007b0d00000,0x00000007b7c00000)
 ParOldGen       total 723968K, used 478297K [0x0000000740000000, 0x000000076c300000, 0x0000000795580000)
  object space 723968K, 66% used [0x0000000740000000,0x000000075d316660,0x000000076c300000)
 Metaspace       used 56813K, capacity 57665K, committed 58024K, reserved 1101824K
  class space    used 5654K, capacity 5866K, committed 5888K, reserved 1048576K
Event: 54798.044 GC heap after
Heap after GC invocations=224 (full 19):
 PSYoungGen      total 563712K, used 39348K [0x0000000795580000, 0x00000007c0000000, 0x00000007c0000000)
  eden space 450048K, 0% used [0x0000000795580000,0x0000000795580000,0x00000007b0d00000)
  from space 113664K, 34% used [0x00000007b0d00000,0x00000007b336d288,0x00000007b7c00000)
  to   space 107008K, 0% used [0x00000007b9780000,0x00000007b9780000,0x00000007c0000000)
 ParOldGen       total 723968K, used 505239K [0x0000000740000000, 0x000000076c300000, 0x0000000795580000)
  object space 723968K, 69% used [0x0000000740000000,0x000000075ed65e38,0x000000076c300000)
 Metaspace       used 56813K, capacity 57665K, committed 58024K, reserved 1101824K
  class space    used 5654K, capacity 5866K, committed 5888K, reserved 1048576K
}
Event: 54798.904 GC heap before
{Heap before GC invocations=225 (full 19):
 PSYoungGen      total 563712K, used 489396K [0x0000000795580000, 0x00000007c0000000, 0x00000007c0000000)
  eden space 450048K, 100% used [0x0000000795580000,0x00000007b0d00000,0x00000007b0d00000)
  from space 113664K, 34% used [0x00000007b0d00000,0x00000007b336d288,0x00000007b7c00000)
  to   space 107008K, 0% used [0x00000007b9780000,0x00000007b9780000,0x00000007c0000000)
 ParOldGen       total 723968K, used 505239K [0x0000000740000000, 0x000000076c300000, 0x0000000795580000)
  object space 723968K, 69% used [0x0000000740000000,0x000000075ed65e38,0x000000076c300000)
 Metaspace       used 56819K, capacity 57665K, committed 58024K, reserved 1101824K
  class space    used 5654K, capacity 5866K, committed 5888K, reserved 1048576K
Event: 54799.601 GC heap after
Heap after GC invocations=225 (full 19):
 PSYoungGen      total 470016K, used 106982K [0x0000000795580000, 0x00000007c0000000, 0x00000007c0000000)
  eden space 363008K, 0% used [0x0000000795580000,0x0000000795580000,0x00000007ab800000)
  from space 107008K, 99% used [0x00000007b9780000,0x00000007bfff9b58,0x00000007c0000000)
  to   space 167936K, 0% used [0x00000007ab800000,0x00000007ab800000,0x00000007b5c00000)
 ParOldGen       total 723968K, used 617796K [0x0000000740000000, 0x000000076c300000, 0x0000000795580000)
  object space 723968K, 85% used [0x0000000740000000,0x0000000765b51198,0x000000076c300000)
 Metaspace       used 56819K, capacity 57665K, committed 58024K, reserved 1101824K
  class space    used 5654K, capacity 5866K, committed 5888K, reserved 1048576K
}
Event: 54799.601 GC heap before
{Heap before GC invocations=226 (full 20):
 PSYoungGen      total 470016K, used 106982K [0x0000000795580000, 0x00000007c0000000, 0x00000007c0000000)
  eden space 363008K, 0% used [0x0000000795580000,0x0000000795580000,0x00000007ab800000)
  from space 107008K, 99% used [0x00000007b9780000,0x00000007bfff9b58,0x00000007c0000000)
  to   space 167936K, 0% used [0x00000007ab800000,0x00000007ab800000,0x00000007b5c00000)
 ParOldGen       total 723968K, used 617796K [0x0000000740000000, 0x000000076c300000, 0x0000000795580000)
  object space 723968K, 85% used [0x0000000740000000,0x0000000765b51198,0x000000076c300000)
 Metaspace       used 56819K, capacity 57665K, committed 58024K, reserved 1101824K
  class space    used 5654K, capacity 5866K, committed 5888K, reserved 1048576K
Event: 54802.404 GC heap after
Heap after GC invocations=226 (full 20):
 PSYoungGen      total 470016K, used 0K [0x0000000795580000, 0x00000007c0000000, 0x00000007c0000000)
  eden space 363008K, 0% used [0x0000000795580000,0x0000000795580000,0x00000007ab800000)
  from space 107008K, 0% used [0x00000007b9780000,0x00000007b9780000,0x00000007c0000000)
  to   space 167936K, 0% used [0x00000007ab800000,0x00000007ab800000,0x00000007b5c00000)
 ParOldGen       total 707584K, used 331805K [0x0000000740000000, 0x000000076b300000, 0x0000000795580000)
  object space 707584K, 46% used [0x0000000740000000,0x0000000754407440,0x000000076b300000)
 Metaspace       used 56791K, capacity 57617K, committed 58024K, reserved 1101824K
  class space    used 5650K, capacity 5858K, committed 5888K, reserved 1048576K
}

Deoptimization events (10 events):
Event: 51957.940 Thread 0x00007f7fd89c0000 Uncommon trap: reason=speculate_class_check action=maybe_recompile pc=0x0000000109b1d4c4 method=java.nio.charset.CharsetDecoder.decode(Ljava/nio/ByteBuffer;Ljava/nio/CharBuffer;Z)Ljava/nio/charset/CoderResult; @ 57
Event: 51957.960 Thread 0x00007f7fd89c0000 Uncommon trap: reason=speculate_class_check action=maybe_recompile pc=0x0000000109b1d4c4 method=java.nio.charset.CharsetDecoder.decode(Ljava/nio/ByteBuffer;Ljava/nio/CharBuffer;Z)Ljava/nio/charset/CoderResult; @ 57
Event: 51957.960 Thread 0x00007f7fd89c0000 Uncommon trap: reason=unstable_if action=reinterpret pc=0x000000010976a1f0 method=java.util.HashMap.removeNode(ILjava/lang/Object;Ljava/lang/Object;ZZ)Ljava/util/HashMap$Node; @ 89
Event: 52082.958 Thread 0x00007f7fd89c0000 Uncommon trap: reason=class_check action=maybe_recompile pc=0x000000010a0d2a24 method=java.awt.EventQueue.cacheEQItem(Lsun/awt/EventQueueItem;)V @ 20
Event: 52082.958 Thread 0x00007f7fd89c0000 Uncommon trap: reason=class_check action=maybe_recompile pc=0x0000000109c79a34 method=java.awt.EventQueue.uncacheEQItem(Lsun/awt/EventQueueItem;)V @ 20
Event: 52154.628 Thread 0x00007f7fd8181000 Uncommon trap: reason=unstable_if action=reinterpret pc=0x0000000109168614 method=sun.lwawt.macosx.NSEvent.isPopupTrigger(I)Z @ 5
Event: 52439.913 Thread 0x00007f7fdb113000 Uncommon trap: reason=class_check action=maybe_recompile pc=0x000000010a34987c method=com.sun.org.apache.xerces.internal.dom.NodeImpl.ownerDocument()Lcom/sun/org/apache/xerces/internal/dom/CoreDocumentImpl; @ 19
Event: 52439.913 Thread 0x00007f7fdb113000 Uncommon trap: reason=class_check action=maybe_recompile pc=0x000000010a34987c method=com.sun.org.apache.xerces.internal.dom.NodeImpl.ownerDocument()Lcom/sun/org/apache/xerces/internal/dom/CoreDocumentImpl; @ 19
Event: 52439.913 Thread 0x00007f7fdb113000 Uncommon trap: reason=class_check action=maybe_recompile pc=0x000000010a34987c method=com.sun.org.apache.xerces.internal.dom.NodeImpl.ownerDocument()Lcom/sun/org/apache/xerces/internal/dom/CoreDocumentImpl; @ 19
Event: 52439.913 Thread 0x00007f7fdb113000 Uncommon trap: reason=class_check action=maybe_recompile pc=0x000000010a34987c method=com.sun.org.apache.xerces.internal.dom.NodeImpl.ownerDocument()Lcom/sun/org/apache/xerces/internal/dom/CoreDocumentImpl; @ 19

Internal exceptions (10 events):
Event: 52595.468 Thread 0x00007f7fd7603000 Exception <a 'java/lang/ClassCastException'> (0x0000000798e5c550) thrown at [/Users/java_re/workspace/8-2-build-macosx-x86_64/jdk8u121/8372/hotspot/src/share/vm/runtime/sharedRuntime.cpp, line 605]
Event: 52595.468 Thread 0x00007f7fd7603000 Exception <a 'java/lang/ClassCastException'> (0x0000000798e5cf68) thrown at [/Users/java_re/workspace/8-2-build-macosx-x86_64/jdk8u121/8372/hotspot/src/share/vm/runtime/sharedRuntime.cpp, line 605]
Event: 52595.468 Thread 0x00007f7fd7603000 Exception <a 'java/lang/ClassCastException'> (0x0000000798e5d980) thrown at [/Users/java_re/workspace/8-2-build-macosx-x86_64/jdk8u121/8372/hotspot/src/share/vm/runtime/sharedRuntime.cpp, line 605]
Event: 52595.469 Thread 0x00007f7fd7603000 Exception <a 'java/lang/ClassCastException'> (0x0000000798e5e3e0) thrown at [/Users/java_re/workspace/8-2-build-macosx-x86_64/jdk8u121/8372/hotspot/src/share/vm/runtime/sharedRuntime.cpp, line 605]
Event: 52595.469 Thread 0x00007f7fd7603000 Exception <a 'java/lang/ClassCastException'> (0x0000000798e5ee28) thrown at [/Users/java_re/workspace/8-2-build-macosx-x86_64/jdk8u121/8372/hotspot/src/share/vm/runtime/sharedRuntime.cpp, line 605]
Event: 52595.469 Thread 0x00007f7fd7603000 Exception <a 'java/lang/ClassCastException'> (0x0000000798e5f560) thrown at [/Users/java_re/workspace/8-2-build-macosx-x86_64/jdk8u121/8372/hotspot/src/share/vm/runtime/sharedRuntime.cpp, line 605]
Event: 52602.192 Thread 0x00007f7fd8181000 Exception <a 'sun/nio/fs/UnixException'> (0x00000007a1ac9918) thrown at [/Users/java_re/workspace/8-2-build-macosx-x86_64/jdk8u121/8372/hotspot/src/share/vm/prims/jni.cpp, line 709]
Event: 52602.193 Thread 0x00007f7fd8181000 Exception <a 'sun/nio/fs/UnixException'> (0x00000007a1aca7f0) thrown at [/Users/java_re/workspace/8-2-build-macosx-x86_64/jdk8u121/8372/hotspot/src/share/vm/prims/jni.cpp, line 709]
Event: 54793.887 Thread 0x00007f7fd8181000 Exception <a 'sun/nio/fs/UnixException'> (0x00000007ab534e88) thrown at [/Users/java_re/workspace/8-2-build-macosx-x86_64/jdk8u121/8372/hotspot/src/share/vm/prims/jni.cpp, line 709]
Event: 54793.893 Thread 0x00007f7fd8181000 Exception <a 'sun/nio/fs/UnixException'> (0x00000007ab535d50) thrown at [/Users/java_re/workspace/8-2-build-macosx-x86_64/jdk8u121/8372/hotspot/src/share/vm/prims/jni.cpp, line 709]

Events (10 events):
Event: 54796.426 Executing VM operation: ParallelGCFailedAllocation
Event: 54796.587 Executing VM operation: ParallelGCFailedAllocation done
Event: 54797.126 Executing VM operation: ParallelGCFailedAllocation
Event: 54797.250 Executing VM operation: ParallelGCFailedAllocation done
Event: 54797.890 Executing VM operation: ParallelGCFailedAllocation
Event: 54798.044 Executing VM operation: ParallelGCFailedAllocation done
Event: 54798.603 Thread 0x00007f7fd8854000 flushing nmethod 0x0000000108c26110
Event: 54798.607 Thread 0x00007f7fd8854000 flushing nmethod 0x0000000108d0ab90
Event: 54798.904 Executing VM operation: ParallelGCFailedAllocation
Event: 54802.404 Executing VM operation: ParallelGCFailedAllocation done


Dynamic libraries:
0x0000000052dbf000 	/System/Library/Frameworks/Cocoa.framework/Versions/A/Cocoa
0x0000000052dbf000 	/System/Library/Frameworks/Security.framework/Versions/A/Security
0x0000000052dbf000 	/System/Library/Frameworks/ApplicationServices.framework/Versions/A/ApplicationServices
0x0000000052dbf000 	/usr/lib/libz.1.dylib
0x0000000052dbf000 	/usr/lib/libSystem.B.dylib
0x0000000052dbf000 	/usr/lib/libobjc.A.dylib
0x0000000052dbf000 	/System/Library/Frameworks/CoreFoundation.framework/Versions/A/CoreFoundation
0x0000000052dbf000 	/System/Library/Frameworks/Foundation.framework/Versions/C/Foundation
0x0000000052dbf000 	/System/Library/Frameworks/AppKit.framework/Versions/C/AppKit
0x0000000052dbf000 	/System/Library/Frameworks/CoreData.framework/Versions/A/CoreData
0x0000000052dbf000 	/System/Library/PrivateFrameworks/RemoteViewServices.framework/Versions/A/RemoteViewServices
0x0000000052dbf000 	/System/Library/PrivateFrameworks/UIFoundation.framework/Versions/A/UIFoundation
0x0000000052dbf000 	/System/Library/PrivateFrameworks/DFRFoundation.framework/Versions/A/DFRFoundation
0x0000000052dbf000 	/usr/lib/libenergytrace.dylib
0x0000000052dbf000 	/System/Library/PrivateFrameworks/SkyLight.framework/Versions/A/SkyLight
0x0000000052dbf000 	/System/Library/Frameworks/CoreGraphics.framework/Versions/A/CoreGraphics
0x0000000052dbf000 	/usr/lib/libScreenReader.dylib
0x0000000052dbf000 	/System/Library/Frameworks/Accelerate.framework/Versions/A/Accelerate
0x0000000052dbf000 	/System/Library/Frameworks/IOSurface.framework/Versions/A/IOSurface
0x0000000052dbf000 	/System/Library/Frameworks/AudioToolbox.framework/Versions/A/AudioToolbox
0x0000000052dbf000 	/System/Library/Frameworks/AudioUnit.framework/Versions/A/AudioUnit
0x0000000052dbf000 	/System/Library/PrivateFrameworks/DataDetectorsCore.framework/Versions/A/DataDetectorsCore
0x0000000052dbf000 	/System/Library/PrivateFrameworks/DesktopServicesPriv.framework/Versions/A/DesktopServicesPriv
0x0000000052dbf000 	/System/Library/Frameworks/Carbon.framework/Versions/A/Frameworks/HIToolbox.framework/Versions/A/HIToolbox
0x0000000052dbf000 	/usr/lib/libicucore.A.dylib
0x0000000052dbf000 	/System/Library/Frameworks/QuartzCore.framework/Versions/A/QuartzCore
0x0000000052dbf000 	/System/Library/Frameworks/Carbon.framework/Versions/A/Frameworks/SpeechRecognition.framework/Versions/A/SpeechRecognition
0x0000000052dbf000 	/usr/lib/libauto.dylib
0x0000000052dbf000 	/usr/lib/libxml2.2.dylib
0x0000000052dbf000 	/System/Library/PrivateFrameworks/CoreUI.framework/Versions/A/CoreUI
0x0000000052dbf000 	/System/Library/Frameworks/CoreAudio.framework/Versions/A/CoreAudio
0x0000000052dbf000 	/System/Library/Frameworks/DiskArbitration.framework/Versions/A/DiskArbitration
0x0000000052dbf000 	/usr/lib/liblangid.dylib
0x0000000052dbf000 	/System/Library/PrivateFrameworks/MultitouchSupport.framework/Versions/A/MultitouchSupport
0x0000000052dbf000 	/System/Library/Frameworks/IOKit.framework/Versions/A/IOKit
0x0000000052dbf000 	/usr/lib/libDiagnosticMessagesClient.dylib
0x0000000052dbf000 	/System/Library/Frameworks/CoreServices.framework/Versions/A/CoreServices
0x0000000052dbf000 	/System/Library/PrivateFrameworks/PerformanceAnalysis.framework/Versions/A/PerformanceAnalysis
0x0000000052dbf000 	/System/Library/PrivateFrameworks/GenerationalStorage.framework/Versions/A/GenerationalStorage
0x0000000052dbf000 	/System/Library/Frameworks/OpenGL.framework/Versions/A/OpenGL
0x0000000052dbf000 	/System/Library/Frameworks/CoreImage.framework/Versions/A/CoreImage
0x0000000052dbf000 	/System/Library/Frameworks/CoreText.framework/Versions/A/CoreText
0x0000000052dbf000 	/System/Library/Frameworks/ImageIO.framework/Versions/A/ImageIO
0x0000000052dbf000 	/System/Library/PrivateFrameworks/Backup.framework/Versions/A/Backup
0x0000000052dbf000 	/usr/lib/libarchive.2.dylib
0x0000000052dbf000 	/System/Library/Frameworks/CFNetwork.framework/Versions/A/CFNetwork
0x0000000052dbf000 	/System/Library/Frameworks/SystemConfiguration.framework/Versions/A/SystemConfiguration
0x0000000052dbf000 	/usr/lib/libCRFSuite.dylib
0x0000000052dbf000 	/usr/lib/libc++.1.dylib
0x0000000052dbf000 	/usr/lib/libc++abi.dylib
0x0000000052dbf000 	/usr/lib/system/libcache.dylib
0x0000000052dbf000 	/usr/lib/system/libcommonCrypto.dylib
0x0000000052dbf000 	/usr/lib/system/libcompiler_rt.dylib
0x0000000052dbf000 	/usr/lib/system/libcopyfile.dylib
0x0000000052dbf000 	/usr/lib/system/libcorecrypto.dylib
0x0000000052dbf000 	/usr/lib/system/libdispatch.dylib
0x0000000052dbf000 	/usr/lib/system/libdyld.dylib
0x0000000052dbf000 	/usr/lib/system/libkeymgr.dylib
0x0000000052dbf000 	/usr/lib/system/liblaunch.dylib
0x0000000052dbf000 	/usr/lib/system/libmacho.dylib
0x0000000052dbf000 	/usr/lib/system/libquarantine.dylib
0x0000000052dbf000 	/usr/lib/system/libremovefile.dylib
0x0000000052dbf000 	/usr/lib/system/libsystem_asl.dylib
0x0000000052dbf000 	/usr/lib/system/libsystem_blocks.dylib
0x0000000052dbf000 	/usr/lib/system/libsystem_c.dylib
0x0000000052dbf000 	/usr/lib/system/libsystem_configuration.dylib
0x0000000052dbf000 	/usr/lib/system/libsystem_coreservices.dylib
0x0000000052dbf000 	/usr/lib/system/libsystem_coretls.dylib
0x0000000052dbf000 	/usr/lib/system/libsystem_dnssd.dylib
0x0000000052dbf000 	/usr/lib/system/libsystem_info.dylib
0x0000000052dbf000 	/usr/lib/system/libsystem_kernel.dylib
0x0000000052dbf000 	/usr/lib/system/libsystem_m.dylib
0x0000000052dbf000 	/usr/lib/system/libsystem_malloc.dylib
0x0000000052dbf000 	/usr/lib/system/libsystem_network.dylib
0x0000000052dbf000 	/usr/lib/system/libsystem_networkextension.dylib
0x0000000052dbf000 	/usr/lib/system/libsystem_notify.dylib
0x0000000052dbf000 	/usr/lib/system/libsystem_platform.dylib
0x0000000052dbf000 	/usr/lib/system/libsystem_pthread.dylib
0x0000000052dbf000 	/usr/lib/system/libsystem_sandbox.dylib
0x0000000052dbf000 	/usr/lib/system/libsystem_secinit.dylib
0x0000000052dbf000 	/usr/lib/system/libsystem_symptoms.dylib
0x0000000052dbf000 	/usr/lib/system/libsystem_trace.dylib
0x0000000052dbf000 	/usr/lib/system/libunwind.dylib
0x0000000052dbf000 	/usr/lib/system/libxpc.dylib
0x0000000052dbf000 	/usr/lib/libbsm.0.dylib
0x0000000052dbf000 	/usr/lib/system/libkxld.dylib
0x0000000052dbf000 	/usr/lib/libcoretls.dylib
0x0000000052dbf000 	/usr/lib/libcoretls_cfhelpers.dylib
0x0000000052dbf000 	/usr/lib/libOpenScriptingUtil.dylib
0x0000000052dbf000 	/usr/lib/libpam.2.dylib
0x0000000052dbf000 	/usr/lib/libsqlite3.dylib
0x0000000052dbf000 	/usr/lib/libxar.1.dylib
0x0000000052dbf000 	/usr/lib/libbz2.1.0.dylib
0x0000000052dbf000 	/usr/lib/liblzma.5.dylib
0x0000000052dbf000 	/usr/lib/libnetwork.dylib
0x0000000052dbf000 	/usr/lib/libpcap.A.dylib
0x0000000052dbf000 	/System/Library/Frameworks/CoreServices.framework/Versions/A/Frameworks/FSEvents.framework/Versions/A/FSEvents
0x0000000052dbf000 	/System/Library/Frameworks/CoreServices.framework/Versions/A/Frameworks/CarbonCore.framework/Versions/A/CarbonCore
0x0000000052dbf000 	/System/Library/Frameworks/CoreServices.framework/Versions/A/Frameworks/Metadata.framework/Versions/A/Metadata
0x0000000052dbf000 	/System/Library/Frameworks/CoreServices.framework/Versions/A/Frameworks/OSServices.framework/Versions/A/OSServices
0x0000000052dbf000 	/System/Library/Frameworks/CoreServices.framework/Versions/A/Frameworks/SearchKit.framework/Versions/A/SearchKit
0x0000000052dbf000 	/System/Library/Frameworks/CoreServices.framework/Versions/A/Frameworks/AE.framework/Versions/A/AE
0x0000000052dbf000 	/System/Library/Frameworks/CoreServices.framework/Versions/A/Frameworks/LaunchServices.framework/Versions/A/LaunchServices
0x0000000052dbf000 	/System/Library/Frameworks/CoreServices.framework/Versions/A/Frameworks/DictionaryServices.framework/Versions/A/DictionaryServices
0x0000000052dbf000 	/System/Library/Frameworks/CoreServices.framework/Versions/A/Frameworks/SharedFileList.framework/Versions/A/SharedFileList
0x0000000052dbf000 	/System/Library/Frameworks/NetFS.framework/Versions/A/NetFS
0x0000000052dbf000 	/System/Library/PrivateFrameworks/NetAuth.framework/Versions/A/NetAuth
0x0000000052dbf000 	/System/Library/PrivateFrameworks/login.framework/Versions/A/Frameworks/loginsupport.framework/Versions/A/loginsupport
0x0000000052dbf000 	/System/Library/PrivateFrameworks/TCC.framework/Versions/A/TCC
0x0000000052dbf000 	/usr/lib/libmecabra.dylib
0x0000000052dbf000 	/System/Library/Frameworks/ApplicationServices.framework/Versions/A/Frameworks/ATS.framework/Versions/A/ATS
0x0000000052dbf000 	/System/Library/Frameworks/ApplicationServices.framework/Versions/A/Frameworks/ColorSync.framework/Versions/A/ColorSync
0x0000000052dbf000 	/System/Library/Frameworks/ApplicationServices.framework/Versions/A/Frameworks/HIServices.framework/Versions/A/HIServices
0x0000000052dbf000 	/System/Library/Frameworks/ApplicationServices.framework/Versions/A/Frameworks/LangAnalysis.framework/Versions/A/LangAnalysis
0x0000000052dbf000 	/System/Library/Frameworks/ApplicationServices.framework/Versions/A/Frameworks/PrintCore.framework/Versions/A/PrintCore
0x0000000052dbf000 	/System/Library/Frameworks/ApplicationServices.framework/Versions/A/Frameworks/QD.framework/Versions/A/QD
0x0000000052dbf000 	/System/Library/Frameworks/ApplicationServices.framework/Versions/A/Frameworks/SpeechSynthesis.framework/Versions/A/SpeechSynthesis
0x0000000052dbf000 	/System/Library/Frameworks/Accelerate.framework/Versions/A/Frameworks/vImage.framework/Versions/A/vImage
0x0000000052dbf000 	/System/Library/Frameworks/Accelerate.framework/Versions/A/Frameworks/vecLib.framework/Versions/A/vecLib
0x0000000052dbf000 	/System/Library/Frameworks/Accelerate.framework/Versions/A/Frameworks/vecLib.framework/Versions/A/libvDSP.dylib
0x0000000052dbf000 	/System/Library/Frameworks/Accelerate.framework/Versions/A/Frameworks/vecLib.framework/Versions/A/libBNNS.dylib
0x0000000052dbf000 	/System/Library/Frameworks/Accelerate.framework/Versions/A/Frameworks/vecLib.framework/Versions/A/libQuadrature.dylib
0x0000000052dbf000 	/System/Library/Frameworks/Accelerate.framework/Versions/A/Frameworks/vecLib.framework/Versions/A/libvMisc.dylib
0x0000000052dbf000 	/System/Library/Frameworks/Accelerate.framework/Versions/A/Frameworks/vecLib.framework/Versions/A/libLAPACK.dylib
0x0000000052dbf000 	/System/Library/Frameworks/Accelerate.framework/Versions/A/Frameworks/vecLib.framework/Versions/A/libBLAS.dylib
0x0000000052dbf000 	/System/Library/Frameworks/Accelerate.framework/Versions/A/Frameworks/vecLib.framework/Versions/A/libLinearAlgebra.dylib
0x0000000052dbf000 	/System/Library/Frameworks/Accelerate.framework/Versions/A/Frameworks/vecLib.framework/Versions/A/libSparseBLAS.dylib
0x0000000052dbf000 	/System/Library/Frameworks/ApplicationServices.framework/Versions/A/Frameworks/ATS.framework/Versions/A/Resources/libFontParser.dylib
0x0000000052dbf000 	/System/Library/Frameworks/ApplicationServices.framework/Versions/A/Frameworks/ATS.framework/Versions/A/Resources/libFontRegistry.dylib
0x0000000052dbf000 	/System/Library/Frameworks/ImageIO.framework/Versions/A/Resources/libJPEG.dylib
0x0000000052dbf000 	/System/Library/Frameworks/ImageIO.framework/Versions/A/Resources/libTIFF.dylib
0x0000000052dbf000 	/System/Library/Frameworks/ImageIO.framework/Versions/A/Resources/libPng.dylib
0x0000000052dbf000 	/System/Library/Frameworks/ImageIO.framework/Versions/A/Resources/libGIF.dylib
0x0000000052dbf000 	/System/Library/Frameworks/ImageIO.framework/Versions/A/Resources/libJP2.dylib
0x0000000052dbf000 	/System/Library/Frameworks/ImageIO.framework/Versions/A/Resources/libRadiance.dylib
0x0000000052dbf000 	/usr/lib/libcompression.dylib
0x0000000052dbf000 	/System/Library/PrivateFrameworks/AppleJPEG.framework/Versions/A/AppleJPEG
0x0000000052dbf000 	/usr/lib/libcups.2.dylib
0x0000000052dbf000 	/System/Library/Frameworks/Kerberos.framework/Versions/A/Kerberos
0x0000000052dbf000 	/System/Library/Frameworks/GSS.framework/Versions/A/GSS
0x0000000052dbf000 	/usr/lib/libresolv.9.dylib
0x0000000052dbf000 	/usr/lib/libiconv.2.dylib
0x0000000052dbf000 	/System/Library/PrivateFrameworks/Heimdal.framework/Versions/A/Heimdal
0x0000000052dbf000 	/usr/lib/libheimdal-asn1.dylib
0x0000000052dbf000 	/System/Library/Frameworks/OpenDirectory.framework/Versions/A/OpenDirectory
0x0000000052dbf000 	/System/Library/PrivateFrameworks/CommonAuth.framework/Versions/A/CommonAuth
0x0000000052dbf000 	/System/Library/Frameworks/OpenDirectory.framework/Versions/A/Frameworks/CFOpenDirectory.framework/Versions/A/CFOpenDirectory
0x0000000052dbf000 	/System/Library/Frameworks/SecurityFoundation.framework/Versions/A/SecurityFoundation
0x0000000052dbf000 	/System/Library/PrivateFrameworks/LanguageModeling.framework/Versions/A/LanguageModeling
0x0000000052dbf000 	/usr/lib/libmarisa.dylib
0x0000000052dbf000 	/usr/lib/libChineseTokenizer.dylib
0x0000000052dbf000 	/usr/lib/libcmph.dylib
0x0000000052dbf000 	/System/Library/PrivateFrameworks/CoreEmoji.framework/Versions/A/CoreEmoji
0x0000000052dbf000 	/System/Library/Frameworks/ServiceManagement.framework/Versions/A/ServiceManagement
0x0000000052dbf000 	/usr/lib/libxslt.1.dylib
0x0000000052dbf000 	/System/Library/Frameworks/Carbon.framework/Versions/A/Frameworks/Ink.framework/Versions/A/Ink
0x0000000052dbf000 	/System/Library/PrivateFrameworks/TextureIO.framework/Versions/A/TextureIO
0x0000000052dbf000 	/System/Library/Frameworks/Metal.framework/Versions/A/Metal
0x0000000052dbf000 	/usr/lib/libate.dylib
0x0000000052dbf000 	/System/Library/PrivateFrameworks/GPUCompiler.framework/libmetal_timestamp.dylib
0x0000000052dbf000 	/System/Library/Frameworks/OpenGL.framework/Versions/A/Libraries/libCoreFSCache.dylib
0x0000000052dbf000 	/System/Library/PrivateFrameworks/IOAccelerator.framework/Versions/A/IOAccelerator
0x0000000052dbf000 	/System/Library/Frameworks/CoreVideo.framework/Versions/A/CoreVideo
0x0000000052dbf000 	/usr/lib/libFosl_dynamic.dylib
0x0000000052dbf000 	/System/Library/PrivateFrameworks/MetalPerformanceShaders.framework/Versions/A/MetalPerformanceShaders
0x0000000052dbf000 	/System/Library/PrivateFrameworks/FaceCore.framework/Versions/A/FaceCore
0x0000000052dbf000 	/System/Library/Frameworks/OpenCL.framework/Versions/A/OpenCL
0x0000000052dbf000 	/System/Library/Frameworks/OpenGL.framework/Versions/A/Libraries/libGLU.dylib
0x0000000052dbf000 	/System/Library/Frameworks/OpenGL.framework/Versions/A/Libraries/libGFXShared.dylib
0x0000000052dbf000 	/System/Library/Frameworks/OpenGL.framework/Versions/A/Libraries/libGL.dylib
0x0000000052dbf000 	/System/Library/Frameworks/OpenGL.framework/Versions/A/Libraries/libGLImage.dylib
0x0000000052dbf000 	/System/Library/Frameworks/OpenGL.framework/Versions/A/Libraries/libCVMSPluginSupport.dylib
0x0000000052dbf000 	/System/Library/Frameworks/OpenGL.framework/Versions/A/Libraries/libCoreVMClient.dylib
0x0000000052dbf000 	/System/Library/PrivateFrameworks/CrashReporterSupport.framework/Versions/A/CrashReporterSupport
0x0000000052dbf000 	/System/Library/PrivateFrameworks/Sharing.framework/Versions/A/Sharing
0x0000000052dbf000 	/System/Library/PrivateFrameworks/IconServices.framework/Versions/A/IconServices
0x0000000052dbf000 	/System/Library/PrivateFrameworks/ProtocolBuffer.framework/Versions/A/ProtocolBuffer
0x0000000052dbf000 	/System/Library/PrivateFrameworks/Apple80211.framework/Versions/A/Apple80211
0x0000000052dbf000 	/System/Library/Frameworks/CoreWLAN.framework/Versions/A/CoreWLAN
0x0000000052dbf000 	/System/Library/PrivateFrameworks/CoreUtils.framework/Versions/A/CoreUtils
0x0000000052dbf000 	/System/Library/Frameworks/IOBluetooth.framework/Versions/A/IOBluetooth
0x0000000052dbf000 	/System/Library/PrivateFrameworks/CoreWiFi.framework/Versions/A/CoreWiFi
0x0000000052dbf000 	/System/Library/Frameworks/CoreBluetooth.framework/Versions/A/CoreBluetooth
0x0000000052dbf000 	/System/Library/Frameworks/CoreDisplay.framework/Versions/A/CoreDisplay
0x0000000052dbf000 	/System/Library/PrivateFrameworks/IOPresentment.framework/Versions/A/IOPresentment
0x0000000052dbf000 	/System/Library/PrivateFrameworks/DSExternalDisplay.framework/Versions/A/DSExternalDisplay
0x0000000052dbf000 	/System/Library/PrivateFrameworks/DebugSymbols.framework/Versions/A/DebugSymbols
0x0000000052dbf000 	/System/Library/PrivateFrameworks/CoreSymbolication.framework/Versions/A/CoreSymbolication
0x0000000052dbf000 	/System/Library/PrivateFrameworks/Symbolication.framework/Versions/A/Symbolication
0x0000000052dbf000 	/System/Library/PrivateFrameworks/AppleFSCompression.framework/Versions/A/AppleFSCompression
0x0000000052dbf000 	/System/Library/PrivateFrameworks/SpeechRecognitionCore.framework/Versions/A/SpeechRecognitionCore
0x0000000052dbf000 	/System/Library/PrivateFrameworks/ChunkingLibrary.framework/Versions/A/ChunkingLibrary
0x0000000103800000 	/Library/Internet Plug-Ins/JavaAppletPlugin.plugin/Contents/Home/lib/server/libjvm.dylib
0x00000001047a2000 	/usr/lib/libstdc++.6.dylib
0x000000010485b000 	/Library/Internet Plug-Ins/JavaAppletPlugin.plugin/Contents/Home/lib/libverify.dylib
0x0000000104869000 	/Library/Internet Plug-Ins/JavaAppletPlugin.plugin/Contents/Home/lib/libjava.dylib
0x000000010489e000 	/Library/Internet Plug-Ins/JavaAppletPlugin.plugin/Contents/Home/lib/libzip.dylib
0x00000001071e2000 	/System/Library/Frameworks/JavaVM.framework/Frameworks/JavaRuntimeSupport.framework/JavaRuntimeSupport
0x00000001071fc000 	/System/Library/Frameworks/JavaVM.framework/Versions/A/Frameworks/JavaNativeFoundation.framework/Versions/A/JavaNativeFoundation
0x0000000107211000 	/System/Library/Frameworks/JavaVM.framework/Versions/A/JavaVM
0x0000000052dbf000 	/System/Library/Frameworks/Carbon.framework/Versions/A/Carbon
0x000000010721e000 	/System/Library/PrivateFrameworks/JavaLaunching.framework/Versions/A/JavaLaunching
0x0000000052dbf000 	/System/Library/Frameworks/Carbon.framework/Versions/A/Frameworks/CommonPanels.framework/Versions/A/CommonPanels
0x0000000052dbf000 	/System/Library/Frameworks/Carbon.framework/Versions/A/Frameworks/Help.framework/Versions/A/Help
0x0000000052dbf000 	/System/Library/Frameworks/Carbon.framework/Versions/A/Frameworks/ImageCapture.framework/Versions/A/ImageCapture
0x0000000052dbf000 	/System/Library/Frameworks/Carbon.framework/Versions/A/Frameworks/OpenScripting.framework/Versions/A/OpenScripting
0x0000000052dbf000 	/System/Library/Frameworks/Carbon.framework/Versions/A/Frameworks/Print.framework/Versions/A/Print
0x0000000052dbf000 	/System/Library/Frameworks/Carbon.framework/Versions/A/Frameworks/SecurityHI.framework/Versions/A/SecurityHI
0x00000001072d1000 	/Library/Internet Plug-Ins/JavaAppletPlugin.plugin/Contents/Home/lib/libawt.dylib
0x00000001074e8000 	/Library/Internet Plug-Ins/JavaAppletPlugin.plugin/Contents/Home/lib/./libmlib_image.dylib
0x00000001075b4000 	/Library/Internet Plug-Ins/JavaAppletPlugin.plugin/Contents/Home/lib/libawt_lwawt.dylib
0x0000000107379000 	/Library/Internet Plug-Ins/JavaAppletPlugin.plugin/Contents/Home/lib/./libosxapp.dylib
0x0000000052dbf000 	/System/Library/Frameworks/ExceptionHandling.framework/Versions/A/ExceptionHandling
0x0000000052dbf000 	/System/Library/PrivateFrameworks/CoreServicesInternal.framework/Versions/A/CoreServicesInternal
0x0000000052dbf000 	/System/Library/CoreServices/RawCamera.bundle/Contents/MacOS/RawCamera
0x00000001079ec000 	/System/Library/Frameworks/Accelerate.framework/Frameworks/vImage.framework/Versions/A/Libraries/libCGInterfaces.dylib
0x0000000052dbf000 	/System/Library/Frameworks/ApplicationServices.framework/Versions/A/Frameworks/ATS.framework/Versions/A/Resources/libTrueTypeScaler.dylib
0x000000011d9be000 	/System/Library/Frameworks/OpenGL.framework/Resources/GLEngine.bundle/GLEngine
0x0000000052dbf000 	/System/Library/Frameworks/OpenGL.framework/Versions/A/Libraries/libGLProgrammability.dylib
0x000000011dba3000 	/System/Library/Extensions/AppleIntelHD4000GraphicsGLDriver.bundle/Contents/MacOS/AppleIntelHD4000GraphicsGLDriver
0x0000000052dbf000 	/System/Library/PrivateFrameworks/GPUSupport.framework/Versions/A/Libraries/libGPUSupportMercury.dylib
0x000000011e1ad000 	/System/Library/Frameworks/OpenGL.framework/Resources//GLRendererFloat.bundle/GLRendererFloat
0x0000000052dbf000 	/System/Library/Frameworks/OpenCL.framework/Versions/A/Libraries/libcldcpuengine.dylib
0x0000000052dbf000 	/usr/lib/libcrypto.0.9.8.dylib
0x0000000052dbf000 	/System/Library/PrivateFrameworks/TrustEvaluationAgent.framework/Versions/A/TrustEvaluationAgent
0x000000011e1e1000 	/System/Library/Extensions/AppleIntelHD4000GraphicsMTLDriver.bundle/Contents/MacOS/AppleIntelHD4000GraphicsMTLDriver
0x0000000052dbf000 	/System/Library/PrivateFrameworks/FamilyControls.framework/Versions/A/FamilyControls
0x0000000052dbf000 	/System/Library/PrivateFrameworks/CommerceKit.framework/Versions/A/Frameworks/CommerceCore.framework/Versions/A/CommerceCore
0x0000000052dbf000 	/System/Library/PrivateFrameworks/SystemAdministration.framework/Versions/A/SystemAdministration
0x0000000052dbf000 	/System/Library/PrivateFrameworks/AppContainer.framework/Versions/A/AppContainer
0x0000000052dbf000 	/System/Library/PrivateFrameworks/SecCodeWrapper.framework/Versions/A/SecCodeWrapper
0x0000000052dbf000 	/System/Library/Frameworks/DirectoryService.framework/Versions/A/DirectoryService
0x0000000052dbf000 	/System/Library/PrivateFrameworks/DiskImages.framework/Versions/A/DiskImages
0x0000000052dbf000 	/System/Library/PrivateFrameworks/LoginUIKit.framework/Versions/A/Frameworks/LoginUICore.framework/Versions/A/LoginUICore
0x0000000052dbf000 	/usr/lib/libCoreStorage.dylib
0x0000000052dbf000 	/usr/lib/libcsfde.dylib
0x0000000052dbf000 	/usr/lib/libodfde.dylib
0x0000000052dbf000 	/System/Library/Frameworks/DiscRecording.framework/Versions/A/DiscRecording
0x0000000052dbf000 	/usr/lib/libcurl.4.dylib
0x0000000052dbf000 	/System/Library/PrivateFrameworks/MediaKit.framework/Versions/A/MediaKit
0x0000000052dbf000 	/System/Library/PrivateFrameworks/ProtectedCloudStorage.framework/Versions/A/ProtectedCloudStorage
0x0000000052dbf000 	/System/Library/PrivateFrameworks/EFILogin.framework/Versions/A/EFILogin
0x0000000052dbf000 	/usr/lib/libutil.dylib
0x0000000052dbf000 	/System/Library/Frameworks/LDAP.framework/Versions/A/LDAP
0x0000000052dbf000 	/usr/lib/libsasl2.2.dylib
0x0000000052dbf000 	/System/Library/PrivateFrameworks/CoreDaemon.framework/Versions/B/CoreDaemon
0x0000000052dbf000 	/System/Library/PrivateFrameworks/AppleSRP.framework/Versions/A/AppleSRP
0x0000000052dbf000 	/System/Library/PrivateFrameworks/APFS.framework/Versions/A/APFS
0x000000011f50e000 	/Library/Internet Plug-Ins/JavaAppletPlugin.plugin/Contents/Home/lib/libfontmanager.dylib
0x00000001080af000 	/Library/Internet Plug-Ins/JavaAppletPlugin.plugin/Contents/Home/lib/libosxui.dylib
0x0000000052dbf000 	/System/Library/PrivateFrameworks/ViewBridge.framework/Versions/A/ViewBridge
0x0000000052dbf000 	/System/Library/PrivateFrameworks/XPCService.framework/Versions/A/XPCService
0x0000000052dbf000 	/System/Library/PrivateFrameworks/AppSandbox.framework/Versions/A/AppSandbox
0x0000000052dbf000 	/usr/lib/libsandbox.1.dylib
0x0000000052dbf000 	/usr/lib/libMatch.1.dylib
0x00000001211ea000 	/Library/Internet Plug-Ins/JavaAppletPlugin.plugin/Contents/Home/lib/libprism_es2.dylib
0x0000000121629000 	/Library/Internet Plug-Ins/JavaAppletPlugin.plugin/Contents/Home/lib/libglass.dylib
0x000000012302b000 	/Library/Internet Plug-Ins/JavaAppletPlugin.plugin/Contents/Home/lib/libnet.dylib
0x000000012321a000 	/Library/Internet Plug-Ins/JavaAppletPlugin.plugin/Contents/Home/lib/libnio.dylib
0x00000001a5290000 	/Library/Internet Plug-Ins/JavaAppletPlugin.plugin/Contents/Home/lib/libjfxwebkit.dylib
0x0000000107eb9000 	/Library/Internet Plug-Ins/JavaAppletPlugin.plugin/Contents/Home/lib/libjavafx_font.dylib
0x00000001a264a000 	/Library/Internet Plug-Ins/JavaAppletPlugin.plugin/Contents/Home/lib/libsunec.dylib
0x0000000120dad000 	/Library/Internet Plug-Ins/JavaAppletPlugin.plugin/Contents/Home/lib/libprism_common.dylib

VM Arguments:
java_command: ../../FHIR/3.0/org.hl7.fhir.igpublisher.jar
java_class_path (initial): ../../FHIR/3.0/org.hl7.fhir.igpublisher.jar
Launcher Type: SUN_STANDARD

Environment Variables:
PATH=/opt/local/bin:/opt/local/sbin:/usr/bin:/bin:/usr/sbin:/sbin:/usr/local/bin:/usr/local/sbin:/opt/X11/bin:/usr/local/git/bin:/usr/local/mysql/bin
SHELL=/bin/bash
DISPLAY=/private/tmp/com.apple.launchd.MXarZv6qqL/org.macosforge.xquartz:0

Signal Handlers:
SIGSEGV: [libjvm.dylib+0x5b1141], sa_mask[0]=11111111011111110111111111111111, sa_flags=SA_ONSTACK|SA_RESTART|SA_SIGINFO
SIGBUS: [libjvm.dylib+0x5b1141], sa_mask[0]=11111111011111110111111111111111, sa_flags=SA_RESTART|SA_SIGINFO
SIGFPE: [libjvm.dylib+0x487bc4], sa_mask[0]=11111111011111110111111111111111, sa_flags=SA_RESTART|SA_SIGINFO
SIGPIPE: [libjvm.dylib+0x487bc4], sa_mask[0]=11111111011111110111111111111111, sa_flags=SA_RESTART|SA_SIGINFO
SIGXFSZ: [libjvm.dylib+0x487bc4], sa_mask[0]=11111111011111110111111111111111, sa_flags=SA_RESTART|SA_SIGINFO
SIGILL: [libjvm.dylib+0x487bc4], sa_mask[0]=11111111011111110111111111111111, sa_flags=SA_RESTART|SA_SIGINFO
SIGUSR1: SIG_DFL, sa_mask[0]=11011111011111100000000111000110, sa_flags=none
SIGUSR2: [libjvm.dylib+0x4876e2], sa_mask[0]=00000000000000000000000000000000, sa_flags=SA_RESTART|SA_SIGINFO
SIGHUP: [libjvm.dylib+0x485cb9], sa_mask[0]=11111111011111110111111111111111, sa_flags=SA_RESTART|SA_SIGINFO
SIGINT: SIG_IGN, sa_mask[0]=00000000000000000000000000000000, sa_flags=none
SIGTERM: [libjvm.dylib+0x485cb9], sa_mask[0]=11111111011111110111111111111111, sa_flags=SA_RESTART|SA_SIGINFO
SIGQUIT: [libjvm.dylib+0x485cb9], sa_mask[0]=11111111011111110111111111111111, sa_flags=SA_RESTART|SA_SIGINFO


---------------  S Y S T E M  ---------------

OS:Bsduname:Darwin 16.6.0 Darwin Kernel Version 16.6.0: Fri Apr 14 16:21:16 PDT 2017; root:xnu-3789.60.24~6/RELEASE_X86_64 x86_64
rlimit: STACK 8192k, CORE 0k, NPROC 709, NOFILE 10240, AS infinity
load average:2.89 2.55 2.80

CPU:total 4 (2 cores per cpu, 2 threads per core) family 6 model 58 stepping 9, cmov, cx8, fxsr, mmx, sse, sse2, sse3, ssse3, sse4.1, sse4.2, popcnt, avx, aes, clmul, erms, ht, tsc, tscinvbit, tscinv

Memory: 4k page, physical 8388608k(17956k free)

/proc/meminfo:


vm_info: Java HotSpot(TM) 64-Bit Server VM (25.121-b13) for bsd-amd64 JRE (1.8.0_121-b13), built on Dec 12 2016 20:39:32 by "java_re" with gcc 4.2.1 (Based on Apple Inc. build 5658) (LLVM build 2336.11.00)

time: Thu May 18 11:58:40 2017
elapsed time: 54802 seconds (0d 15h 13m 22s)

