#
# A fatal error has been detected by the Java Runtime Environment:
#
#  SIGSEGV (0xb) at pc=0x000000011efca2d7, pid=52055, tid=0x000000000000e60f
#
# JRE version: Java(TM) SE Runtime Environment (8.0_121-b13) (build 1.8.0_121-b13)
# Java VM: Java HotSpot(TM) 64-Bit Server VM (25.121-b13 mixed mode bsd-amd64 compressed oops)
# Problematic frame:
# C  [libawt_lwawt.dylib+0x1c2d7]  OGLSD_SetScratchSurface+0x49
#
# Failed to write core dump. Core dumps have been disabled. To enable core dumping, try "ulimit -c unlimited" before starting Java again
#
# If you would like to submit a bug report, please visit:
#   http://bugreport.java.com/bugreport/crash.jsp
# The crash happened outside the Java Virtual Machine in native code.
# See problematic frame for where to report the bug.
#

---------------  T H R E A D  ---------------

Current thread (0x00007fba7c302000):  JavaThread "Java2D Queue Flusher" daemon [_thread_in_native, id=58895, stack(0x000070000a2e2000,0x000070000a3e2000)]

siginfo: si_signo: 11 (SIGSEGV), si_code: 1 (SEGV_MAPERR), si_addr: 0x0000000000000002

Registers:
RAX=0x00000000ffffffff, RBX=0x0000000000000002, RCX=0x0000000000000047, RDX=0x000000011efeb370
RSP=0x000070000a3e1810, RBP=0x000070000a3e1830, RSI=0x00007fba7b5ed9b0, RDI=0x00007fba7c3021f8
R8 =0x0000000000000020, R9 =0x0000000000000000, R10=0x000000010e76c078, R11=0x00000000e803a990
R12=0x0000000000000000, R13=0x00000007401d4d40, R14=0x00007fba7c3021f8, R15=0x00007fba7c302000
RIP=0x000000011efca2d7, EFLAGS=0x0000000000010202, ERR=0x0000000000000004
  TRAPNO=0x000000000000000e

Top of Stack: (sp=0x000070000a3e1810)
0x000070000a3e1810:   00007fba7b5ed9b0 0000000000000000
0x000070000a3e1820:   00007fba7c362410 00007fba7c302000
0x000070000a3e1830:   000070000a3e18b0 000000011efeae4e
0x000070000a3e1840:   0000000000000064 00007fba7b556918
0x000070000a3e1850:   000070000a3e18b0 0000000106d4f494
0x000070000a3e1860:   0000000000000005 00007fba7c302000
0x000070000a3e1870:   00000007401d4d01 00007fba7c362420
0x000070000a3e1880:   00007000003e1800 00007fba7c3021f8
0x000070000a3e1890:   0000000000000000 0000000000000000
0x000070000a3e18a0:   000070000a3e1908 00007fba7c302000
0x000070000a3e18b0:   000070000a3e1900 000000010e76c0ea
0x000070000a3e18c0:   00000007401d4c68 000070000a3e1908
0x000070000a3e18d0:   000000012633b258 0000000000000000
0x000070000a3e18e0:   000000012633b1e8 0000000000000000
0x000070000a3e18f0:   000070000a3e1910 00000007401d4d40
0x000070000a3e1900:   00000000e803a98d 00000001104662bc
0x000070000a3e1910:   00000007401d4c68 0000000000000000
0x000070000a3e1920:   00000007401d4d40 0000000000000000
0x000070000a3e1930:   00000007401d4d40 000070000a3e19d0
0x000070000a3e1940:   0000000000000001 0000000000000000
0x000070000a3e1950:   000070000a3e19d0 000000010dc527a7
0x000070000a3e1960:   00000007401d4d40 00000007401d6ad8
0x000070000a3e1970:   0000700000001fa0 000000000000000a
0x000070000a3e1980:   00007fba7c302000 0000000000000001
0x000070000a3e1990:   000000010dc5271f 000000010ce8b420
0x000070000a3e19a0:   000070000a3e1a68 000070000a3e1d00
0x000070000a3e19b0:   000000010000000a 000000010ce8b420
0x000070000a3e19c0:   000000010dc65120 000070000a3e1c70
0x000070000a3e19d0:   000070000a3e1b80 0000000106ced9d6
0x000070000a3e19e0:   0000700000000001 00007fba7c302000
0x000070000a3e19f0:   00007fba7c302000 000070000a3e1d00
0x000070000a3e1a00:   00007fba7b556910 000000010dc65120 

Instructions: (pc=0x000000011efca2d7)
0x000000011efca2b7:   c0 e9 82 00 00 00 48 8b 5e 10 48 85 db 75 0e bf
0x000000011efca2c7:   01 00 00 00 48 8d 15 0a 7e 03 00 eb d6 49 89 fe
0x000000011efca2d7:   4c 8b 3b 30 c0 e8 d9 a8 02 00 49 8b 3f 49 89 c4
0x000000011efca2e7:   48 8b 35 d2 03 06 00 30 c0 e8 e5 a9 02 00 48 85 

Register to memory mapping:

RAX=0x00000000ffffffff is an unknown value
RBX=0x0000000000000002 is an unknown value
RCX=0x0000000000000047 is an unknown value
RDX=0x000000011efeb370: Java_sun_java2d_opengl_OGLRenderQueue_flushBuffer+0xb5c in /Library/Internet Plug-Ins/JavaAppletPlugin.plugin/Contents/Home/lib/libawt_lwawt.dylib at 0x000000011efae000
RSP=0x000070000a3e1810 is pointing into the stack for thread: 0x00007fba7c302000
RBP=0x000070000a3e1830 is pointing into the stack for thread: 0x00007fba7c302000
RSI=0x00007fba7b5ed9b0 is an unknown value
RDI=0x00007fba7c3021f8 is an unknown value
R8 =0x0000000000000020 is an unknown value
R9 =0x0000000000000000 is an unknown value
R10=0x000000010e76c078 is at entry_point+56 in (nmethod*)0x000000010e76bed0
R11=0x00000000e803a990 is an unknown value
R12=0x0000000000000000 is an unknown value
R13=0x00000007401d4d40 is an oop
sun.java2d.opengl.OGLRenderQueue$QueueFlusher 
 - klass: 'sun/java2d/opengl/OGLRenderQueue$QueueFlusher'
R14=0x00007fba7c3021f8 is an unknown value
R15=0x00007fba7c302000 is a thread


Stack: [0x000070000a2e2000,0x000070000a3e2000],  sp=0x000070000a3e1810,  free space=1022k
Native frames: (J=compiled Java code, j=interpreted, Vv=VM code, C=native code)
C  [libawt_lwawt.dylib+0x1c2d7]  OGLSD_SetScratchSurface+0x49
C  [libawt_lwawt.dylib+0x3ce4e]  Java_sun_java2d_opengl_OGLRenderQueue_flushBuffer+0x63a
J 3822  sun.java2d.opengl.OGLRenderQueue.flushBuffer(JI)V (0 bytes) @ 0x000000010e76c0ea [0x000000010e76c040+0xaa]
J 12869% C2 sun.java2d.opengl.OGLRenderQueue$QueueFlusher.run()V (234 bytes) @ 0x00000001104662bc [0x0000000110466020+0x29c]
v  ~StubRoutines::call_stub
V  [libjvm.dylib+0x2ed9d6]  JavaCalls::call_helper(JavaValue*, methodHandle*, JavaCallArguments*, Thread*)+0x6ae
V  [libjvm.dylib+0x2ee164]  JavaCalls::call_virtual(JavaValue*, KlassHandle, Symbol*, Symbol*, JavaCallArguments*, Thread*)+0x164
V  [libjvm.dylib+0x2ee310]  JavaCalls::call_virtual(JavaValue*, Handle, KlassHandle, Symbol*, Symbol*, Thread*)+0x4a
V  [libjvm.dylib+0x348a5d]  thread_entry(JavaThread*, Thread*)+0x7c
V  [libjvm.dylib+0x56ab0f]  JavaThread::thread_main_inner()+0x9b
V  [libjvm.dylib+0x56c1fc]  JavaThread::run()+0x1c2
V  [libjvm.dylib+0x48a5b2]  java_start(Thread*)+0xf6
C  [libsystem_pthread.dylib+0x393b]  _pthread_body+0xb4
C  [libsystem_pthread.dylib+0x3887]  _pthread_body+0x0
C  [libsystem_pthread.dylib+0x308d]  thread_start+0xd
C  0x0000000000000000

Java frames: (J=compiled Java code, j=interpreted, Vv=VM code)
J 3822  sun.java2d.opengl.OGLRenderQueue.flushBuffer(JI)V (0 bytes) @ 0x000000010e76c078 [0x000000010e76c040+0x38]
J 12869% C2 sun.java2d.opengl.OGLRenderQueue$QueueFlusher.run()V (234 bytes) @ 0x00000001104662bc [0x0000000110466020+0x29c]
v  ~StubRoutines::call_stub

---------------  P R O C E S S  ---------------

Java Threads: ( => current thread )
  0x00007fba86574800 JavaThread "SwingWorker-pool-2-thread-10" daemon [_thread_blocked, id=75111, stack(0x000070000b64f000,0x000070000b74f000)]
  0x00007fba85f45800 JavaThread "SwingWorker-pool-2-thread-9" daemon [_thread_in_Java, id=73763, stack(0x000070000b2c0000,0x000070000b3c0000)]
  0x00007fba86869000 JavaThread "SwingWorker-pool-2-thread-8" daemon [_thread_blocked, id=69707, stack(0x000070000b1bd000,0x000070000b2bd000)]
  0x00007fba87832800 JavaThread "SwingWorker-pool-2-thread-7" daemon [_thread_blocked, id=73463, stack(0x0000700009023000,0x0000700009123000)]
  0x00007fba84331000 JavaThread "SwingWorker-pool-2-thread-6" daemon [_thread_blocked, id=62147, stack(0x000070000b0ba000,0x000070000b1ba000)]
  0x00007fba84b09000 JavaThread "SwingWorker-pool-2-thread-5" daemon [_thread_blocked, id=74487, stack(0x000070000a922000,0x000070000aa22000)]
  0x00007fba844d4800 JavaThread "SwingWorker-pool-2-thread-4" daemon [_thread_blocked, id=73547, stack(0x000070000afb7000,0x000070000b0b7000)]
  0x00007fba7c100800 JavaThread "SwingWorker-pool-2-thread-3" daemon [_thread_blocked, id=71379, stack(0x000070000aeb4000,0x000070000afb4000)]
  0x00007fba85e4b000 JavaThread "SwingWorker-pool-2-thread-2" daemon [_thread_blocked, id=36623, stack(0x000070000adb1000,0x000070000aeb1000)]
  0x00007fba82571000 JavaThread "Prism Font Disposer" daemon [_thread_blocked, id=72211, stack(0x000070000acae000,0x000070000adae000)]
  0x00007fba8180a800 JavaThread "Disposer" daemon [_thread_blocked, id=71427, stack(0x000070000abab000,0x000070000acab000)]
  0x00007fba7c744000 JavaThread "SwingWorker-pool-2-thread-1" daemon [_thread_blocked, id=70619, stack(0x000070000aa25000,0x000070000ab25000)]
  0x00007fba7ba72800 JavaThread "TimerQueue" daemon [_thread_blocked, id=67343, stack(0x000070000a79c000,0x000070000a89c000)]
  0x00007fba7ba53800 JavaThread "Thread-2" daemon [_thread_in_native, id=66307, stack(0x000070000a719000,0x000070000a799000)]
  0x00007fba7c42d000 JavaThread "Thread-1" daemon [_thread_blocked, id=63271, stack(0x000070000a616000,0x000070000a716000)]
  0x00007fba7b9ff800 JavaThread "QuantumRenderer-0" daemon [_thread_blocked, id=62263, stack(0x000070000a513000,0x000070000a613000)]
  0x00007fba7c3a6000 JavaThread "Java2D Disposer" daemon [_thread_blocked, id=58379, stack(0x000070000a3e5000,0x000070000a4e5000)]
=>0x00007fba7c302000 JavaThread "Java2D Queue Flusher" daemon [_thread_in_native, id=58895, stack(0x000070000a2e2000,0x000070000a3e2000)]
  0x00007fba7d090800 JavaThread "DestroyJavaVM" [_thread_blocked, id=7171, stack(0x00007000091ac000,0x00007000092ac000)]
  0x00007fba7b996000 JavaThread "AWT-EventQueue-0" [_thread_blocked, id=47151, stack(0x000070000a1df000,0x000070000a2df000)]
  0x00007fba7c276000 JavaThread "AWT-Shutdown" [_thread_blocked, id=29471, stack(0x000070000a059000,0x000070000a159000)]
  0x00007fba7b91a800 JavaThread "JavaFX Application Thread" daemon [_thread_in_native, id=775, stack(0x00007fff59404000,0x00007fff59c04000)]
  0x00007fba7b876000 JavaThread "Service Thread" daemon [_thread_blocked, id=18691, stack(0x0000700009dd0000,0x0000700009ed0000)]
  0x00007fba7b850000 JavaThread "C1 CompilerThread2" daemon [_thread_blocked, id=18179, stack(0x0000700009ccd000,0x0000700009dcd000)]
  0x00007fba7b84f800 JavaThread "C2 CompilerThread1" daemon [_thread_blocked, id=17667, stack(0x0000700009bca000,0x0000700009cca000)]
  0x00007fba7b84e000 JavaThread "C2 CompilerThread0" daemon [_thread_blocked, id=17155, stack(0x0000700009ac7000,0x0000700009bc7000)]
  0x00007fba7b84d000 JavaThread "Signal Dispatcher" daemon [_thread_blocked, id=16643, stack(0x00007000099c4000,0x0000700009ac4000)]
  0x00007fba7b83b000 JavaThread "Finalizer" daemon [_thread_blocked, id=12547, stack(0x00007000098c1000,0x00007000099c1000)]
  0x00007fba7b838800 JavaThread "Reference Handler" daemon [_thread_blocked, id=12035, stack(0x00007000097be000,0x00007000098be000)]

Other Threads:
  0x00007fba7b838000 VMThread [stack: 0x00007000096bb000,0x00007000097bb000] [id=11523]
  0x00007fba7c07b000 WatcherThread [stack: 0x0000700009ed3000,0x0000700009fd3000] [id=19203]

VM state:not at safepoint (normal execution)

VM Mutex/Monitor currently owned by a thread: None

Heap:
 PSYoungGen      total 572928K, used 36271K [0x0000000795580000, 0x00000007c0000000, 0x00000007c0000000)
  eden space 469504K, 7% used [0x0000000795580000,0x00000007978ebe60,0x00000007b2000000)
  from space 103424K, 0% used [0x00000007b2000000,0x00000007b2000000,0x00000007b8500000)
  to   space 125952K, 0% used [0x00000007b8500000,0x00000007b8500000,0x00000007c0000000)
 ParOldGen       total 890368K, used 250414K [0x0000000740000000, 0x0000000776580000, 0x0000000795580000)
  object space 890368K, 28% used [0x0000000740000000,0x000000074f48b8b8,0x0000000776580000)
 Metaspace       used 58275K, capacity 59087K, committed 59688K, reserved 1103872K
  class space    used 5666K, capacity 5893K, committed 5928K, reserved 1048576K

Card table byte_map: [0x0000000107d62000,0x0000000108163000] byte_map_base: 0x0000000104362000

Marking Bits: (ParMarkBitMap*) 0x00000001072f0d30
 Begin Bits: [0x000000010840e000, 0x000000010a40e000)
 End Bits:   [0x000000010a40e000, 0x000000010c40e000)

Polling page: 0x00000001061a7000

CodeCache: size=245760Kb used=41009Kb max_used=41014Kb free=204750Kb
 bounds [0x000000010dc52000, 0x00000001104a2000, 0x000000011cc52000]
 total_blobs=10191 nmethods=9278 adapters=823
 compilation: enabled

Compilation events (10 events):
Event: 30110.532 Thread 0x00007fba7b850000 nmethod 12923 0x0000000110475dd0 code [0x0000000110475f80, 0x0000000110476518]
Event: 30110.532 Thread 0x00007fba7b850000 12921       3       javax.swing.GroupLayout$ComponentSpring::calculateNonlinkedMaximumSize (71 bytes)
Event: 30110.534 Thread 0x00007fba7b850000 nmethod 12921 0x0000000110475290 code [0x0000000110475460, 0x0000000110475b28]
Event: 30110.534 Thread 0x00007fba7b850000 12922       3       javax.swing.GroupLayout$AutoPreferredGapSpring::calculateMaximumSize (25 bytes)
Event: 30110.536 Thread 0x00007fba7b850000 nmethod 12922 0x0000000110495dd0 code [0x0000000110495f60, 0x0000000110496528]
Event: 30110.536 Thread 0x00007fba7b84e000 nmethod 12924 0x0000000110474d10 code [0x0000000110474e60, 0x0000000110474fd8]
Event: 30110.706 Thread 0x00007fba7b850000 12925   !   3       java.util.concurrent.FutureTask::runAndReset (128 bytes)
Event: 30110.709 Thread 0x00007fba7b850000 nmethod 12925 0x000000011049a310 code [0x000000011049a500, 0x000000011049ae18]
Event: 30112.688 Thread 0x00007fba7b850000 12926   !   3       java.awt.AWTEvent::setSource (95 bytes)
Event: 30112.688 Thread 0x00007fba7b850000 nmethod 12926 0x00000001104951d0 code [0x0000000110495380, 0x0000000110495c08]

GC Heap History (10 events):
Event: 30112.169 GC heap before
{Heap before GC invocations=502 (full 34):
 PSYoungGen      total 555008K, used 436237K [0x0000000795580000, 0x00000007bf100000, 0x00000007c0000000)
  eden space 429056K, 100% used [0x0000000795580000,0x00000007af880000,0x00000007af880000)
  from space 125952K, 5% used [0x00000007af880000,0x00000007aff835b8,0x00000007b7380000)
  to   space 120320K, 0% used [0x00000007b7b80000,0x00000007b7b80000,0x00000007bf100000)
 ParOldGen       total 999936K, used 816658K [0x0000000740000000, 0x000000077d080000, 0x0000000795580000)
  object space 999936K, 81% used [0x0000000740000000,0x0000000771d849e8,0x000000077d080000)
 Metaspace       used 58300K, capacity 59129K, committed 59688K, reserved 1103872K
  class space    used 5670K, capacity 5900K, committed 5928K, reserved 1048576K
Event: 30112.390 GC heap after
Heap after GC invocations=502 (full 34):
 PSYoungGen      total 567808K, used 39920K [0x0000000795580000, 0x00000007bf180000, 0x00000007c0000000)
  eden space 447488K, 0% used [0x0000000795580000,0x0000000795580000,0x00000007b0a80000)
  from space 120320K, 33% used [0x00000007b7b80000,0x00000007ba27c010,0x00000007bf100000)
  to   space 115712K, 0% used [0x00000007b0a80000,0x00000007b0a80000,0x00000007b7b80000)
 ParOldGen       total 999936K, used 823728K [0x0000000740000000, 0x000000077d080000, 0x0000000795580000)
  object space 999936K, 82% used [0x0000000740000000,0x000000077246c340,0x000000077d080000)
 Metaspace       used 58300K, capacity 59129K, committed 59688K, reserved 1103872K
  class space    used 5670K, capacity 5900K, committed 5928K, reserved 1048576K
}
Event: 30112.865 GC heap before
{Heap before GC invocations=503 (full 34):
 PSYoungGen      total 567808K, used 487408K [0x0000000795580000, 0x00000007bf180000, 0x00000007c0000000)
  eden space 447488K, 100% used [0x0000000795580000,0x00000007b0a80000,0x00000007b0a80000)
  from space 120320K, 33% used [0x00000007b7b80000,0x00000007ba27c010,0x00000007bf100000)
  to   space 115712K, 0% used [0x00000007b0a80000,0x00000007b0a80000,0x00000007b7b80000)
 ParOldGen       total 999936K, used 823728K [0x0000000740000000, 0x000000077d080000, 0x0000000795580000)
  object space 999936K, 82% used [0x0000000740000000,0x000000077246c340,0x000000077d080000)
 Metaspace       used 58300K, capacity 59129K, committed 59688K, reserved 1103872K
  class space    used 5670K, capacity 5900K, committed 5928K, reserved 1048576K
Event: 30113.167 GC heap after
Heap after GC invocations=503 (full 34):
 PSYoungGen      total 563200K, used 36480K [0x0000000795580000, 0x00000007bf080000, 0x00000007c0000000)
  eden space 447488K, 0% used [0x0000000795580000,0x0000000795580000,0x00000007b0a80000)
  from space 115712K, 31% used [0x00000007b0a80000,0x00000007b2e20010,0x00000007b7b80000)
  to   space 110080K, 0% used [0x00000007b8500000,0x00000007b8500000,0x00000007bf080000)
 ParOldGen       total 999936K, used 863968K [0x0000000740000000, 0x000000077d080000, 0x0000000795580000)
  object space 999936K, 86% used [0x0000000740000000,0x0000000774bb8390,0x000000077d080000)
 Metaspace       used 58300K, capacity 59129K, committed 59688K, reserved 1103872K
  class space    used 5670K, capacity 5900K, committed 5928K, reserved 1048576K
}
Event: 30113.556 GC heap before
{Heap before GC invocations=504 (full 34):
 PSYoungGen      total 563200K, used 483968K [0x0000000795580000, 0x00000007bf080000, 0x00000007c0000000)
  eden space 447488K, 100% used [0x0000000795580000,0x00000007b0a80000,0x00000007b0a80000)
  from space 115712K, 31% used [0x00000007b0a80000,0x00000007b2e20010,0x00000007b7b80000)
  to   space 110080K, 0% used [0x00000007b8500000,0x00000007b8500000,0x00000007bf080000)
 ParOldGen       total 999936K, used 863968K [0x0000000740000000, 0x000000077d080000, 0x0000000795580000)
  object space 999936K, 86% used [0x0000000740000000,0x0000000774bb8390,0x000000077d080000)
 Metaspace       used 58300K, capacity 59129K, committed 59688K, reserved 1103872K
  class space    used 5670K, capacity 5900K, committed 5928K, reserved 1048576K
Event: 30113.732 GC heap after
Heap after GC invocations=504 (full 34):
 PSYoungGen      total 576512K, used 21536K [0x0000000795580000, 0x00000007bed80000, 0x00000007c0000000)
  eden space 469504K, 0% used [0x0000000795580000,0x0000000795580000,0x00000007b2000000)
  from space 107008K, 20% used [0x00000007b8500000,0x00000007b9a08020,0x00000007bed80000)
  to   space 103424K, 0% used [0x00000007b2000000,0x00000007b2000000,0x00000007b8500000)
 ParOldGen       total 999936K, used 900784K [0x0000000740000000, 0x000000077d080000, 0x0000000795580000)
  object space 999936K, 90% used [0x0000000740000000,0x0000000776fac3a0,0x000000077d080000)
 Metaspace       used 58300K, capacity 59129K, committed 59688K, reserved 1103872K
  class space    used 5670K, capacity 5900K, committed 5928K, reserved 1048576K
}
Event: 30114.318 GC heap before
{Heap before GC invocations=505 (full 34):
 PSYoungGen      total 576512K, used 491040K [0x0000000795580000, 0x00000007bed80000, 0x00000007c0000000)
  eden space 469504K, 100% used [0x0000000795580000,0x00000007b2000000,0x00000007b2000000)
  from space 107008K, 20% used [0x00000007b8500000,0x00000007b9a08020,0x00000007bed80000)
  to   space 103424K, 0% used [0x00000007b2000000,0x00000007b2000000,0x00000007b8500000)
 ParOldGen       total 999936K, used 900784K [0x0000000740000000, 0x000000077d080000, 0x0000000795580000)
  object space 999936K, 90% used [0x0000000740000000,0x0000000776fac3a0,0x000000077d080000)
 Metaspace       used 58300K, capacity 59129K, committed 59688K, reserved 1103872K
  class space    used 5670K, capacity 5900K, committed 5928K, reserved 1048576K
Event: 30114.835 GC heap after
Heap after GC invocations=505 (full 34):
 PSYoungGen      total 572928K, used 103421K [0x0000000795580000, 0x00000007c0000000, 0x00000007c0000000)
  eden space 469504K, 0% used [0x0000000795580000,0x0000000795580000,0x00000007b2000000)
  from space 103424K, 99% used [0x00000007b2000000,0x00000007b84ff5e8,0x00000007b8500000)
  to   space 125952K, 0% used [0x00000007b8500000,0x00000007b8500000,0x00000007c0000000)
 ParOldGen       total 999936K, used 949542K [0x0000000740000000, 0x000000077d080000, 0x0000000795580000)
  object space 999936K, 94% used [0x0000000740000000,0x0000000779f49b78,0x000000077d080000)
 Metaspace       used 58300K, capacity 59129K, committed 59688K, reserved 1103872K
  class space    used 5670K, capacity 5900K, committed 5928K, reserved 1048576K
}
Event: 30114.835 GC heap before
{Heap before GC invocations=506 (full 35):
 PSYoungGen      total 572928K, used 103421K [0x0000000795580000, 0x00000007c0000000, 0x00000007c0000000)
  eden space 469504K, 0% used [0x0000000795580000,0x0000000795580000,0x00000007b2000000)
  from space 103424K, 99% used [0x00000007b2000000,0x00000007b84ff5e8,0x00000007b8500000)
  to   space 125952K, 0% used [0x00000007b8500000,0x00000007b8500000,0x00000007c0000000)
 ParOldGen       total 999936K, used 949542K [0x0000000740000000, 0x000000077d080000, 0x0000000795580000)
  object space 999936K, 94% used [0x0000000740000000,0x0000000779f49b78,0x000000077d080000)
 Metaspace       used 58300K, capacity 59129K, committed 59688K, reserved 1103872K
  class space    used 5670K, capacity 5900K, committed 5928K, reserved 1048576K
Event: 30116.324 GC heap after
Heap after GC invocations=506 (full 35):
 PSYoungGen      total 572928K, used 0K [0x0000000795580000, 0x00000007c0000000, 0x00000007c0000000)
  eden space 469504K, 0% used [0x0000000795580000,0x0000000795580000,0x00000007b2000000)
  from space 103424K, 0% used [0x00000007b2000000,0x00000007b2000000,0x00000007b8500000)
  to   space 125952K, 0% used [0x00000007b8500000,0x00000007b8500000,0x00000007c0000000)
 ParOldGen       total 890368K, used 250414K [0x0000000740000000, 0x0000000776580000, 0x0000000795580000)
  object space 890368K, 28% used [0x0000000740000000,0x000000074f48b8b8,0x0000000776580000)
 Metaspace       used 58275K, capacity 59087K, committed 59688K, reserved 1103872K
  class space    used 5666K, capacity 5893K, committed 5928K, reserved 1048576K
}

Deoptimization events (10 events):
Event: 13144.086 Thread 0x00007fba7b91a800 Uncommon trap: reason=class_check action=maybe_recompile pc=0x000000010fbb58e8 method=sun.java2d.opengl.OGLRenderer.validateContext(Lsun/java2d/SunGraphics2D;)V @ 23
Event: 13144.086 Thread 0x00007fba7b91a800 Uncommon trap: reason=class_check action=maybe_recompile pc=0x0000000110181db4 method=sun.java2d.opengl.OGLBlitLoops.IsoBlit(Lsun/java2d/SurfaceData;Lsun/java2d/SurfaceData;Ljava/awt/image/BufferedImage;Ljava/awt/image/BufferedImageOp;Ljava/awt/Composite;
Event: 13144.089 Thread 0x00007fba7b91a800 Uncommon trap: reason=class_check action=maybe_recompile pc=0x000000010fbb58e8 method=sun.java2d.opengl.OGLRenderer.validateContext(Lsun/java2d/SunGraphics2D;)V @ 23
Event: 13144.089 Thread 0x00007fba7b91a800 Uncommon trap: reason=class_check action=maybe_recompile pc=0x0000000110181db4 method=sun.java2d.opengl.OGLBlitLoops.IsoBlit(Lsun/java2d/SurfaceData;Lsun/java2d/SurfaceData;Ljava/awt/image/BufferedImage;Ljava/awt/image/BufferedImageOp;Ljava/awt/Composite;
Event: 13144.103 Thread 0x00007fba7b996000 Uncommon trap: reason=bimorphic action=maybe_recompile pc=0x000000010fbb2b20 method=sun.java2d.opengl.OGLRenderer.validateContext(Lsun/java2d/SunGraphics2D;)V @ 4
Event: 13144.103 Thread 0x00007fba7b996000 Uncommon trap: reason=bimorphic action=maybe_recompile pc=0x000000010fbb2b20 method=sun.java2d.opengl.OGLRenderer.validateContext(Lsun/java2d/SunGraphics2D;)V @ 4
Event: 13144.177 Thread 0x00007fba7b996000 Uncommon trap: reason=class_check action=maybe_recompile pc=0x000000010e92f254 method=sun.java2d.loops.SurfaceType.pixelFor(ILjava/awt/image/ColorModel;)I @ 6
Event: 13144.177 Thread 0x00007fba7b996000 Uncommon trap: reason=bimorphic action=maybe_recompile pc=0x000000010f0fb068 method=sun.java2d.SunGraphics2D.<init>(Lsun/java2d/SurfaceData;Ljava/awt/Color;Ljava/awt/Color;Ljava/awt/Font;)V @ 112
Event: 17184.154 Thread 0x00007fba7c302000 Uncommon trap: reason=unstable_if action=reinterpret pc=0x000000011044e1b8 method=sun.java2d.opengl.OGLRenderQueue$QueueFlusher.run()V @ 34
Event: 17259.931 Thread 0x00007fba7b91a800 Uncommon trap: reason=null_check action=make_not_entrant pc=0x000000010e94862c method=java.awt.geom.AffineTransform.equals(Ljava/lang/Object;)Z @ 1

Internal exceptions (10 events):
Event: 9110.677 Thread 0x00007fba86869000 Exception <a 'java/lang/ClassCastException'> (0x000000079bb48d98) thrown at [/Users/java_re/workspace/8-2-build-macosx-x86_64/jdk8u121/8372/hotspot/src/share/vm/runtime/sharedRuntime.cpp, line 605]
Event: 9110.677 Thread 0x00007fba86869000 Exception <a 'java/lang/ClassCastException'> (0x000000079bb497b0) thrown at [/Users/java_re/workspace/8-2-build-macosx-x86_64/jdk8u121/8372/hotspot/src/share/vm/runtime/sharedRuntime.cpp, line 605]
Event: 9110.677 Thread 0x00007fba86869000 Exception <a 'java/lang/ClassCastException'> (0x000000079bb4a1b0) thrown at [/Users/java_re/workspace/8-2-build-macosx-x86_64/jdk8u121/8372/hotspot/src/share/vm/runtime/sharedRuntime.cpp, line 605]
Event: 9110.677 Thread 0x00007fba86869000 Exception <a 'java/lang/ClassCastException'> (0x000000079bb4a8d0) thrown at [/Users/java_re/workspace/8-2-build-macosx-x86_64/jdk8u121/8372/hotspot/src/share/vm/runtime/sharedRuntime.cpp, line 605]
Event: 9110.781 Thread 0x00007fba86869000 Implicit null exception at 0x000000011038478d to 0x000000011038c361
Event: 9117.330 Thread 0x00007fba7b91a800 Exception <a 'sun/nio/fs/UnixException'> (0x00000007a8eb7400) thrown at [/Users/java_re/workspace/8-2-build-macosx-x86_64/jdk8u121/8372/hotspot/src/share/vm/prims/jni.cpp, line 709]
Event: 9117.331 Thread 0x00007fba7b91a800 Exception <a 'sun/nio/fs/UnixException'> (0x00000007a8eb80f0) thrown at [/Users/java_re/workspace/8-2-build-macosx-x86_64/jdk8u121/8372/hotspot/src/share/vm/prims/jni.cpp, line 709]
Event: 17259.930 Thread 0x00007fba7b91a800 Implicit null exception at 0x000000010e9484cc to 0x000000010e94861d
Event: 30110.620 Thread 0x00007fba7b91a800 Exception <a 'sun/nio/fs/UnixException'> (0x00000007aa29bba8) thrown at [/Users/java_re/workspace/8-2-build-macosx-x86_64/jdk8u121/8372/hotspot/src/share/vm/prims/jni.cpp, line 709]
Event: 30110.622 Thread 0x00007fba7b91a800 Exception <a 'sun/nio/fs/UnixException'> (0x00000007aa29c898) thrown at [/Users/java_re/workspace/8-2-build-macosx-x86_64/jdk8u121/8372/hotspot/src/share/vm/prims/jni.cpp, line 709]

Events (10 events):
Event: 30112.169 Executing VM operation: ParallelGCFailedAllocation
Event: 30112.390 Executing VM operation: ParallelGCFailedAllocation done
Event: 30112.863 Executing VM operation: ParallelGCFailedAllocation
Event: 30113.167 Executing VM operation: ParallelGCFailedAllocation done
Event: 30113.556 Executing VM operation: ParallelGCFailedAllocation
Event: 30113.732 Executing VM operation: ParallelGCFailedAllocation done
Event: 30114.315 Executing VM operation: ParallelGCFailedAllocation
Event: 30116.324 Executing VM operation: ParallelGCFailedAllocation done
Event: 30116.326 Executing VM operation: RevokeBias
Event: 30116.326 Executing VM operation: RevokeBias done


Dynamic libraries:
0x000000004800b000 	/System/Library/Frameworks/Cocoa.framework/Versions/A/Cocoa
0x000000004800b000 	/System/Library/Frameworks/Security.framework/Versions/A/Security
0x000000004800b000 	/System/Library/Frameworks/ApplicationServices.framework/Versions/A/ApplicationServices
0x000000004800b000 	/usr/lib/libz.1.dylib
0x000000004800b000 	/usr/lib/libSystem.B.dylib
0x000000004800b000 	/usr/lib/libobjc.A.dylib
0x000000004800b000 	/System/Library/Frameworks/CoreFoundation.framework/Versions/A/CoreFoundation
0x000000004800b000 	/System/Library/Frameworks/Foundation.framework/Versions/C/Foundation
0x000000004800b000 	/System/Library/Frameworks/AppKit.framework/Versions/C/AppKit
0x000000004800b000 	/System/Library/Frameworks/CoreData.framework/Versions/A/CoreData
0x000000004800b000 	/System/Library/PrivateFrameworks/RemoteViewServices.framework/Versions/A/RemoteViewServices
0x000000004800b000 	/System/Library/PrivateFrameworks/UIFoundation.framework/Versions/A/UIFoundation
0x000000004800b000 	/System/Library/PrivateFrameworks/DFRFoundation.framework/Versions/A/DFRFoundation
0x000000004800b000 	/usr/lib/libenergytrace.dylib
0x000000004800b000 	/System/Library/PrivateFrameworks/SkyLight.framework/Versions/A/SkyLight
0x000000004800b000 	/System/Library/Frameworks/CoreGraphics.framework/Versions/A/CoreGraphics
0x000000004800b000 	/usr/lib/libScreenReader.dylib
0x000000004800b000 	/System/Library/Frameworks/Accelerate.framework/Versions/A/Accelerate
0x000000004800b000 	/System/Library/Frameworks/IOSurface.framework/Versions/A/IOSurface
0x000000004800b000 	/System/Library/Frameworks/AudioToolbox.framework/Versions/A/AudioToolbox
0x000000004800b000 	/System/Library/Frameworks/AudioUnit.framework/Versions/A/AudioUnit
0x000000004800b000 	/System/Library/PrivateFrameworks/DataDetectorsCore.framework/Versions/A/DataDetectorsCore
0x000000004800b000 	/System/Library/PrivateFrameworks/DesktopServicesPriv.framework/Versions/A/DesktopServicesPriv
0x000000004800b000 	/System/Library/Frameworks/Carbon.framework/Versions/A/Frameworks/HIToolbox.framework/Versions/A/HIToolbox
0x000000004800b000 	/usr/lib/libicucore.A.dylib
0x000000004800b000 	/System/Library/Frameworks/QuartzCore.framework/Versions/A/QuartzCore
0x000000004800b000 	/System/Library/Frameworks/Carbon.framework/Versions/A/Frameworks/SpeechRecognition.framework/Versions/A/SpeechRecognition
0x000000004800b000 	/usr/lib/libauto.dylib
0x000000004800b000 	/usr/lib/libxml2.2.dylib
0x000000004800b000 	/System/Library/PrivateFrameworks/CoreUI.framework/Versions/A/CoreUI
0x000000004800b000 	/System/Library/Frameworks/CoreAudio.framework/Versions/A/CoreAudio
0x000000004800b000 	/System/Library/Frameworks/DiskArbitration.framework/Versions/A/DiskArbitration
0x000000004800b000 	/usr/lib/liblangid.dylib
0x000000004800b000 	/System/Library/PrivateFrameworks/MultitouchSupport.framework/Versions/A/MultitouchSupport
0x000000004800b000 	/System/Library/Frameworks/IOKit.framework/Versions/A/IOKit
0x000000004800b000 	/usr/lib/libDiagnosticMessagesClient.dylib
0x000000004800b000 	/System/Library/Frameworks/CoreServices.framework/Versions/A/CoreServices
0x000000004800b000 	/System/Library/PrivateFrameworks/PerformanceAnalysis.framework/Versions/A/PerformanceAnalysis
0x000000004800b000 	/System/Library/PrivateFrameworks/GenerationalStorage.framework/Versions/A/GenerationalStorage
0x000000004800b000 	/System/Library/Frameworks/OpenGL.framework/Versions/A/OpenGL
0x000000004800b000 	/System/Library/Frameworks/CoreImage.framework/Versions/A/CoreImage
0x000000004800b000 	/System/Library/Frameworks/CoreText.framework/Versions/A/CoreText
0x000000004800b000 	/System/Library/Frameworks/ImageIO.framework/Versions/A/ImageIO
0x000000004800b000 	/System/Library/PrivateFrameworks/Backup.framework/Versions/A/Backup
0x000000004800b000 	/usr/lib/libarchive.2.dylib
0x000000004800b000 	/System/Library/Frameworks/CFNetwork.framework/Versions/A/CFNetwork
0x000000004800b000 	/System/Library/Frameworks/SystemConfiguration.framework/Versions/A/SystemConfiguration
0x000000004800b000 	/usr/lib/libCRFSuite.dylib
0x000000004800b000 	/usr/lib/libc++.1.dylib
0x000000004800b000 	/usr/lib/libc++abi.dylib
0x000000004800b000 	/usr/lib/system/libcache.dylib
0x000000004800b000 	/usr/lib/system/libcommonCrypto.dylib
0x000000004800b000 	/usr/lib/system/libcompiler_rt.dylib
0x000000004800b000 	/usr/lib/system/libcopyfile.dylib
0x000000004800b000 	/usr/lib/system/libcorecrypto.dylib
0x000000004800b000 	/usr/lib/system/libdispatch.dylib
0x000000004800b000 	/usr/lib/system/libdyld.dylib
0x000000004800b000 	/usr/lib/system/libkeymgr.dylib
0x000000004800b000 	/usr/lib/system/liblaunch.dylib
0x000000004800b000 	/usr/lib/system/libmacho.dylib
0x000000004800b000 	/usr/lib/system/libquarantine.dylib
0x000000004800b000 	/usr/lib/system/libremovefile.dylib
0x000000004800b000 	/usr/lib/system/libsystem_asl.dylib
0x000000004800b000 	/usr/lib/system/libsystem_blocks.dylib
0x000000004800b000 	/usr/lib/system/libsystem_c.dylib
0x000000004800b000 	/usr/lib/system/libsystem_configuration.dylib
0x000000004800b000 	/usr/lib/system/libsystem_coreservices.dylib
0x000000004800b000 	/usr/lib/system/libsystem_coretls.dylib
0x000000004800b000 	/usr/lib/system/libsystem_dnssd.dylib
0x000000004800b000 	/usr/lib/system/libsystem_info.dylib
0x000000004800b000 	/usr/lib/system/libsystem_kernel.dylib
0x000000004800b000 	/usr/lib/system/libsystem_m.dylib
0x000000004800b000 	/usr/lib/system/libsystem_malloc.dylib
0x000000004800b000 	/usr/lib/system/libsystem_network.dylib
0x000000004800b000 	/usr/lib/system/libsystem_networkextension.dylib
0x000000004800b000 	/usr/lib/system/libsystem_notify.dylib
0x000000004800b000 	/usr/lib/system/libsystem_platform.dylib
0x000000004800b000 	/usr/lib/system/libsystem_pthread.dylib
0x000000004800b000 	/usr/lib/system/libsystem_sandbox.dylib
0x000000004800b000 	/usr/lib/system/libsystem_secinit.dylib
0x000000004800b000 	/usr/lib/system/libsystem_symptoms.dylib
0x000000004800b000 	/usr/lib/system/libsystem_trace.dylib
0x000000004800b000 	/usr/lib/system/libunwind.dylib
0x000000004800b000 	/usr/lib/system/libxpc.dylib
0x000000004800b000 	/usr/lib/libbsm.0.dylib
0x000000004800b000 	/usr/lib/system/libkxld.dylib
0x000000004800b000 	/usr/lib/libcoretls.dylib
0x000000004800b000 	/usr/lib/libcoretls_cfhelpers.dylib
0x000000004800b000 	/usr/lib/libOpenScriptingUtil.dylib
0x000000004800b000 	/usr/lib/libpam.2.dylib
0x000000004800b000 	/usr/lib/libsqlite3.dylib
0x000000004800b000 	/usr/lib/libxar.1.dylib
0x000000004800b000 	/usr/lib/libbz2.1.0.dylib
0x000000004800b000 	/usr/lib/liblzma.5.dylib
0x000000004800b000 	/usr/lib/libnetwork.dylib
0x000000004800b000 	/usr/lib/libpcap.A.dylib
0x000000004800b000 	/System/Library/Frameworks/CoreServices.framework/Versions/A/Frameworks/FSEvents.framework/Versions/A/FSEvents
0x000000004800b000 	/System/Library/Frameworks/CoreServices.framework/Versions/A/Frameworks/CarbonCore.framework/Versions/A/CarbonCore
0x000000004800b000 	/System/Library/Frameworks/CoreServices.framework/Versions/A/Frameworks/Metadata.framework/Versions/A/Metadata
0x000000004800b000 	/System/Library/Frameworks/CoreServices.framework/Versions/A/Frameworks/OSServices.framework/Versions/A/OSServices
0x000000004800b000 	/System/Library/Frameworks/CoreServices.framework/Versions/A/Frameworks/SearchKit.framework/Versions/A/SearchKit
0x000000004800b000 	/System/Library/Frameworks/CoreServices.framework/Versions/A/Frameworks/AE.framework/Versions/A/AE
0x000000004800b000 	/System/Library/Frameworks/CoreServices.framework/Versions/A/Frameworks/LaunchServices.framework/Versions/A/LaunchServices
0x000000004800b000 	/System/Library/Frameworks/CoreServices.framework/Versions/A/Frameworks/DictionaryServices.framework/Versions/A/DictionaryServices
0x000000004800b000 	/System/Library/Frameworks/CoreServices.framework/Versions/A/Frameworks/SharedFileList.framework/Versions/A/SharedFileList
0x000000004800b000 	/System/Library/Frameworks/NetFS.framework/Versions/A/NetFS
0x000000004800b000 	/System/Library/PrivateFrameworks/NetAuth.framework/Versions/A/NetAuth
0x000000004800b000 	/System/Library/PrivateFrameworks/login.framework/Versions/A/Frameworks/loginsupport.framework/Versions/A/loginsupport
0x000000004800b000 	/System/Library/PrivateFrameworks/TCC.framework/Versions/A/TCC
0x000000004800b000 	/usr/lib/libmecabra.dylib
0x000000004800b000 	/System/Library/Frameworks/ApplicationServices.framework/Versions/A/Frameworks/ATS.framework/Versions/A/ATS
0x000000004800b000 	/System/Library/Frameworks/ApplicationServices.framework/Versions/A/Frameworks/ColorSync.framework/Versions/A/ColorSync
0x000000004800b000 	/System/Library/Frameworks/ApplicationServices.framework/Versions/A/Frameworks/HIServices.framework/Versions/A/HIServices
0x000000004800b000 	/System/Library/Frameworks/ApplicationServices.framework/Versions/A/Frameworks/LangAnalysis.framework/Versions/A/LangAnalysis
0x000000004800b000 	/System/Library/Frameworks/ApplicationServices.framework/Versions/A/Frameworks/PrintCore.framework/Versions/A/PrintCore
0x000000004800b000 	/System/Library/Frameworks/ApplicationServices.framework/Versions/A/Frameworks/QD.framework/Versions/A/QD
0x000000004800b000 	/System/Library/Frameworks/ApplicationServices.framework/Versions/A/Frameworks/SpeechSynthesis.framework/Versions/A/SpeechSynthesis
0x000000004800b000 	/System/Library/Frameworks/Accelerate.framework/Versions/A/Frameworks/vImage.framework/Versions/A/vImage
0x000000004800b000 	/System/Library/Frameworks/Accelerate.framework/Versions/A/Frameworks/vecLib.framework/Versions/A/vecLib
0x000000004800b000 	/System/Library/Frameworks/Accelerate.framework/Versions/A/Frameworks/vecLib.framework/Versions/A/libvDSP.dylib
0x000000004800b000 	/System/Library/Frameworks/Accelerate.framework/Versions/A/Frameworks/vecLib.framework/Versions/A/libBNNS.dylib
0x000000004800b000 	/System/Library/Frameworks/Accelerate.framework/Versions/A/Frameworks/vecLib.framework/Versions/A/libQuadrature.dylib
0x000000004800b000 	/System/Library/Frameworks/Accelerate.framework/Versions/A/Frameworks/vecLib.framework/Versions/A/libvMisc.dylib
0x000000004800b000 	/System/Library/Frameworks/Accelerate.framework/Versions/A/Frameworks/vecLib.framework/Versions/A/libLAPACK.dylib
0x000000004800b000 	/System/Library/Frameworks/Accelerate.framework/Versions/A/Frameworks/vecLib.framework/Versions/A/libBLAS.dylib
0x000000004800b000 	/System/Library/Frameworks/Accelerate.framework/Versions/A/Frameworks/vecLib.framework/Versions/A/libLinearAlgebra.dylib
0x000000004800b000 	/System/Library/Frameworks/Accelerate.framework/Versions/A/Frameworks/vecLib.framework/Versions/A/libSparseBLAS.dylib
0x000000004800b000 	/System/Library/Frameworks/ApplicationServices.framework/Versions/A/Frameworks/ATS.framework/Versions/A/Resources/libFontParser.dylib
0x000000004800b000 	/System/Library/Frameworks/ApplicationServices.framework/Versions/A/Frameworks/ATS.framework/Versions/A/Resources/libFontRegistry.dylib
0x000000004800b000 	/System/Library/Frameworks/ImageIO.framework/Versions/A/Resources/libJPEG.dylib
0x000000004800b000 	/System/Library/Frameworks/ImageIO.framework/Versions/A/Resources/libTIFF.dylib
0x000000004800b000 	/System/Library/Frameworks/ImageIO.framework/Versions/A/Resources/libPng.dylib
0x000000004800b000 	/System/Library/Frameworks/ImageIO.framework/Versions/A/Resources/libGIF.dylib
0x000000004800b000 	/System/Library/Frameworks/ImageIO.framework/Versions/A/Resources/libJP2.dylib
0x000000004800b000 	/System/Library/Frameworks/ImageIO.framework/Versions/A/Resources/libRadiance.dylib
0x000000004800b000 	/usr/lib/libcompression.dylib
0x000000004800b000 	/System/Library/PrivateFrameworks/AppleJPEG.framework/Versions/A/AppleJPEG
0x000000004800b000 	/usr/lib/libcups.2.dylib
0x000000004800b000 	/System/Library/Frameworks/Kerberos.framework/Versions/A/Kerberos
0x000000004800b000 	/System/Library/Frameworks/GSS.framework/Versions/A/GSS
0x000000004800b000 	/usr/lib/libresolv.9.dylib
0x000000004800b000 	/usr/lib/libiconv.2.dylib
0x000000004800b000 	/System/Library/PrivateFrameworks/Heimdal.framework/Versions/A/Heimdal
0x000000004800b000 	/usr/lib/libheimdal-asn1.dylib
0x000000004800b000 	/System/Library/Frameworks/OpenDirectory.framework/Versions/A/OpenDirectory
0x000000004800b000 	/System/Library/PrivateFrameworks/CommonAuth.framework/Versions/A/CommonAuth
0x000000004800b000 	/System/Library/Frameworks/OpenDirectory.framework/Versions/A/Frameworks/CFOpenDirectory.framework/Versions/A/CFOpenDirectory
0x000000004800b000 	/System/Library/Frameworks/SecurityFoundation.framework/Versions/A/SecurityFoundation
0x000000004800b000 	/System/Library/PrivateFrameworks/LanguageModeling.framework/Versions/A/LanguageModeling
0x000000004800b000 	/usr/lib/libmarisa.dylib
0x000000004800b000 	/usr/lib/libChineseTokenizer.dylib
0x000000004800b000 	/usr/lib/libcmph.dylib
0x000000004800b000 	/System/Library/PrivateFrameworks/CoreEmoji.framework/Versions/A/CoreEmoji
0x000000004800b000 	/System/Library/Frameworks/ServiceManagement.framework/Versions/A/ServiceManagement
0x000000004800b000 	/usr/lib/libxslt.1.dylib
0x000000004800b000 	/System/Library/Frameworks/Carbon.framework/Versions/A/Frameworks/Ink.framework/Versions/A/Ink
0x000000004800b000 	/System/Library/PrivateFrameworks/TextureIO.framework/Versions/A/TextureIO
0x000000004800b000 	/System/Library/Frameworks/Metal.framework/Versions/A/Metal
0x000000004800b000 	/usr/lib/libate.dylib
0x000000004800b000 	/System/Library/PrivateFrameworks/GPUCompiler.framework/libmetal_timestamp.dylib
0x000000004800b000 	/System/Library/Frameworks/OpenGL.framework/Versions/A/Libraries/libCoreFSCache.dylib
0x000000004800b000 	/System/Library/PrivateFrameworks/IOAccelerator.framework/Versions/A/IOAccelerator
0x000000004800b000 	/System/Library/Frameworks/CoreVideo.framework/Versions/A/CoreVideo
0x000000004800b000 	/usr/lib/libFosl_dynamic.dylib
0x000000004800b000 	/System/Library/PrivateFrameworks/MetalPerformanceShaders.framework/Versions/A/MetalPerformanceShaders
0x000000004800b000 	/System/Library/PrivateFrameworks/FaceCore.framework/Versions/A/FaceCore
0x000000004800b000 	/System/Library/Frameworks/OpenCL.framework/Versions/A/OpenCL
0x000000004800b000 	/System/Library/Frameworks/OpenGL.framework/Versions/A/Libraries/libGLU.dylib
0x000000004800b000 	/System/Library/Frameworks/OpenGL.framework/Versions/A/Libraries/libGFXShared.dylib
0x000000004800b000 	/System/Library/Frameworks/OpenGL.framework/Versions/A/Libraries/libGL.dylib
0x000000004800b000 	/System/Library/Frameworks/OpenGL.framework/Versions/A/Libraries/libGLImage.dylib
0x000000004800b000 	/System/Library/Frameworks/OpenGL.framework/Versions/A/Libraries/libCVMSPluginSupport.dylib
0x000000004800b000 	/System/Library/Frameworks/OpenGL.framework/Versions/A/Libraries/libCoreVMClient.dylib
0x000000004800b000 	/System/Library/PrivateFrameworks/CrashReporterSupport.framework/Versions/A/CrashReporterSupport
0x000000004800b000 	/System/Library/PrivateFrameworks/Sharing.framework/Versions/A/Sharing
0x000000004800b000 	/System/Library/PrivateFrameworks/IconServices.framework/Versions/A/IconServices
0x000000004800b000 	/System/Library/PrivateFrameworks/ProtocolBuffer.framework/Versions/A/ProtocolBuffer
0x000000004800b000 	/System/Library/PrivateFrameworks/Apple80211.framework/Versions/A/Apple80211
0x000000004800b000 	/System/Library/Frameworks/CoreWLAN.framework/Versions/A/CoreWLAN
0x000000004800b000 	/System/Library/PrivateFrameworks/CoreUtils.framework/Versions/A/CoreUtils
0x000000004800b000 	/System/Library/Frameworks/IOBluetooth.framework/Versions/A/IOBluetooth
0x000000004800b000 	/System/Library/PrivateFrameworks/CoreWiFi.framework/Versions/A/CoreWiFi
0x000000004800b000 	/System/Library/Frameworks/CoreBluetooth.framework/Versions/A/CoreBluetooth
0x000000004800b000 	/System/Library/Frameworks/CoreDisplay.framework/Versions/A/CoreDisplay
0x000000004800b000 	/System/Library/PrivateFrameworks/IOPresentment.framework/Versions/A/IOPresentment
0x000000004800b000 	/System/Library/PrivateFrameworks/DSExternalDisplay.framework/Versions/A/DSExternalDisplay
0x000000004800b000 	/System/Library/PrivateFrameworks/DebugSymbols.framework/Versions/A/DebugSymbols
0x000000004800b000 	/System/Library/PrivateFrameworks/CoreSymbolication.framework/Versions/A/CoreSymbolication
0x000000004800b000 	/System/Library/PrivateFrameworks/Symbolication.framework/Versions/A/Symbolication
0x000000004800b000 	/System/Library/PrivateFrameworks/AppleFSCompression.framework/Versions/A/AppleFSCompression
0x000000004800b000 	/System/Library/PrivateFrameworks/SpeechRecognitionCore.framework/Versions/A/SpeechRecognitionCore
0x000000004800b000 	/System/Library/PrivateFrameworks/ChunkingLibrary.framework/Versions/A/ChunkingLibrary
0x0000000106a00000 	/Library/Internet Plug-Ins/JavaAppletPlugin.plugin/Contents/Home/lib/server/libjvm.dylib
0x00000001060ab000 	/usr/lib/libstdc++.6.dylib
0x0000000106164000 	/Library/Internet Plug-Ins/JavaAppletPlugin.plugin/Contents/Home/lib/libverify.dylib
0x0000000106172000 	/Library/Internet Plug-Ins/JavaAppletPlugin.plugin/Contents/Home/lib/libjava.dylib
0x00000001061b1000 	/Library/Internet Plug-Ins/JavaAppletPlugin.plugin/Contents/Home/lib/libzip.dylib
0x00000001061e2000 	/System/Library/Frameworks/JavaVM.framework/Frameworks/JavaRuntimeSupport.framework/JavaRuntimeSupport
0x000000011d352000 	/System/Library/Frameworks/JavaVM.framework/Versions/A/Frameworks/JavaNativeFoundation.framework/Versions/A/JavaNativeFoundation
0x000000010dbb5000 	/System/Library/Frameworks/JavaVM.framework/Versions/A/JavaVM
0x000000004800b000 	/System/Library/Frameworks/Carbon.framework/Versions/A/Carbon
0x000000011d367000 	/System/Library/PrivateFrameworks/JavaLaunching.framework/Versions/A/JavaLaunching
0x000000004800b000 	/System/Library/Frameworks/Carbon.framework/Versions/A/Frameworks/CommonPanels.framework/Versions/A/CommonPanels
0x000000004800b000 	/System/Library/Frameworks/Carbon.framework/Versions/A/Frameworks/Help.framework/Versions/A/Help
0x000000004800b000 	/System/Library/Frameworks/Carbon.framework/Versions/A/Frameworks/ImageCapture.framework/Versions/A/ImageCapture
0x000000004800b000 	/System/Library/Frameworks/Carbon.framework/Versions/A/Frameworks/OpenScripting.framework/Versions/A/OpenScripting
0x000000004800b000 	/System/Library/Frameworks/Carbon.framework/Versions/A/Frameworks/Print.framework/Versions/A/Print
0x000000004800b000 	/System/Library/Frameworks/Carbon.framework/Versions/A/Frameworks/SecurityHI.framework/Versions/A/SecurityHI
0x000000011eccb000 	/Library/Internet Plug-Ins/JavaAppletPlugin.plugin/Contents/Home/lib/libawt.dylib
0x000000011eee2000 	/Library/Internet Plug-Ins/JavaAppletPlugin.plugin/Contents/Home/lib/./libmlib_image.dylib
0x000000011efae000 	/Library/Internet Plug-Ins/JavaAppletPlugin.plugin/Contents/Home/lib/libawt_lwawt.dylib
0x000000011ed73000 	/Library/Internet Plug-Ins/JavaAppletPlugin.plugin/Contents/Home/lib/./libosxapp.dylib
0x000000004800b000 	/System/Library/Frameworks/ExceptionHandling.framework/Versions/A/ExceptionHandling
0x000000004800b000 	/System/Library/PrivateFrameworks/CoreServicesInternal.framework/Versions/A/CoreServicesInternal
0x000000004800b000 	/System/Library/CoreServices/RawCamera.bundle/Contents/MacOS/RawCamera
0x000000011f3e6000 	/System/Library/Frameworks/Accelerate.framework/Frameworks/vImage.framework/Versions/A/Libraries/libCGInterfaces.dylib
0x000000004800b000 	/System/Library/Frameworks/ApplicationServices.framework/Versions/A/Frameworks/ATS.framework/Versions/A/Resources/libTrueTypeScaler.dylib
0x0000000120a7d000 	/System/Library/Frameworks/OpenGL.framework/Resources/GLEngine.bundle/GLEngine
0x000000004800b000 	/System/Library/Frameworks/OpenGL.framework/Versions/A/Libraries/libGLProgrammability.dylib
0x0000000120c62000 	/System/Library/Extensions/AppleIntelHD4000GraphicsGLDriver.bundle/Contents/MacOS/AppleIntelHD4000GraphicsGLDriver
0x000000004800b000 	/System/Library/PrivateFrameworks/GPUSupport.framework/Versions/A/Libraries/libGPUSupportMercury.dylib
0x000000012126c000 	/System/Library/Frameworks/OpenGL.framework/Resources//GLRendererFloat.bundle/GLRendererFloat
0x000000004800b000 	/System/Library/Frameworks/OpenCL.framework/Versions/A/Libraries/libcldcpuengine.dylib
0x000000004800b000 	/usr/lib/libcrypto.0.9.8.dylib
0x000000004800b000 	/System/Library/PrivateFrameworks/TrustEvaluationAgent.framework/Versions/A/TrustEvaluationAgent
0x00000001212a0000 	/System/Library/Extensions/AppleIntelHD4000GraphicsMTLDriver.bundle/Contents/MacOS/AppleIntelHD4000GraphicsMTLDriver
0x000000004800b000 	/System/Library/PrivateFrameworks/FamilyControls.framework/Versions/A/FamilyControls
0x000000004800b000 	/System/Library/PrivateFrameworks/CommerceKit.framework/Versions/A/Frameworks/CommerceCore.framework/Versions/A/CommerceCore
0x000000004800b000 	/System/Library/PrivateFrameworks/SystemAdministration.framework/Versions/A/SystemAdministration
0x000000004800b000 	/System/Library/PrivateFrameworks/AppContainer.framework/Versions/A/AppContainer
0x000000004800b000 	/System/Library/PrivateFrameworks/SecCodeWrapper.framework/Versions/A/SecCodeWrapper
0x000000004800b000 	/System/Library/Frameworks/DirectoryService.framework/Versions/A/DirectoryService
0x000000004800b000 	/System/Library/PrivateFrameworks/DiskImages.framework/Versions/A/DiskImages
0x000000004800b000 	/System/Library/PrivateFrameworks/LoginUIKit.framework/Versions/A/Frameworks/LoginUICore.framework/Versions/A/LoginUICore
0x000000004800b000 	/usr/lib/libCoreStorage.dylib
0x000000004800b000 	/usr/lib/libcsfde.dylib
0x000000004800b000 	/usr/lib/libodfde.dylib
0x000000004800b000 	/System/Library/Frameworks/DiscRecording.framework/Versions/A/DiscRecording
0x000000004800b000 	/usr/lib/libcurl.4.dylib
0x000000004800b000 	/System/Library/PrivateFrameworks/MediaKit.framework/Versions/A/MediaKit
0x000000004800b000 	/System/Library/PrivateFrameworks/ProtectedCloudStorage.framework/Versions/A/ProtectedCloudStorage
0x000000004800b000 	/System/Library/PrivateFrameworks/EFILogin.framework/Versions/A/EFILogin
0x000000004800b000 	/usr/lib/libutil.dylib
0x000000004800b000 	/System/Library/Frameworks/LDAP.framework/Versions/A/LDAP
0x000000004800b000 	/usr/lib/libsasl2.2.dylib
0x000000004800b000 	/System/Library/PrivateFrameworks/CoreDaemon.framework/Versions/B/CoreDaemon
0x000000004800b000 	/System/Library/PrivateFrameworks/AppleSRP.framework/Versions/A/AppleSRP
0x000000004800b000 	/System/Library/PrivateFrameworks/APFS.framework/Versions/A/APFS
0x00000001225da000 	/Library/Internet Plug-Ins/JavaAppletPlugin.plugin/Contents/Home/lib/libfontmanager.dylib
0x000000011fadb000 	/Library/Internet Plug-Ins/JavaAppletPlugin.plugin/Contents/Home/lib/libosxui.dylib
0x000000004800b000 	/System/Library/PrivateFrameworks/ViewBridge.framework/Versions/A/ViewBridge
0x000000004800b000 	/System/Library/PrivateFrameworks/XPCService.framework/Versions/A/XPCService
0x000000004800b000 	/System/Library/PrivateFrameworks/AppSandbox.framework/Versions/A/AppSandbox
0x000000004800b000 	/usr/lib/libsandbox.1.dylib
0x000000004800b000 	/usr/lib/libMatch.1.dylib
0x00000001242bb000 	/Library/Internet Plug-Ins/JavaAppletPlugin.plugin/Contents/Home/lib/libprism_es2.dylib
0x00000001246fa000 	/Library/Internet Plug-Ins/JavaAppletPlugin.plugin/Contents/Home/lib/libglass.dylib
0x0000000126258000 	/Library/Internet Plug-Ins/JavaAppletPlugin.plugin/Contents/Home/lib/libnet.dylib
0x00000001262b7000 	/Library/Internet Plug-Ins/JavaAppletPlugin.plugin/Contents/Home/lib/libnio.dylib
0x00000001a6279000 	/Library/Internet Plug-Ins/JavaAppletPlugin.plugin/Contents/Home/lib/libjfxwebkit.dylib
0x000000011f9cb000 	/Library/Internet Plug-Ins/JavaAppletPlugin.plugin/Contents/Home/lib/libjavafx_font.dylib
0x00000001ad2d6000 	/Library/Internet Plug-Ins/JavaAppletPlugin.plugin/Contents/Home/lib/libsunec.dylib
0x00000001206c7000 	/Library/Internet Plug-Ins/JavaAppletPlugin.plugin/Contents/Home/lib/libprism_common.dylib

VM Arguments:
java_command: ../../FHIR/3.0/org.hl7.fhir.igpublisher.jar
java_class_path (initial): ../../FHIR/3.0/org.hl7.fhir.igpublisher.jar
Launcher Type: SUN_STANDARD

Environment Variables:
PATH=/opt/local/bin:/opt/local/sbin:/usr/bin:/bin:/usr/sbin:/sbin:/usr/local/bin:/usr/local/sbin:/opt/X11/bin:/usr/local/git/bin:/usr/local/mysql/bin
SHELL=/bin/bash
DISPLAY=/private/tmp/com.apple.launchd.CfqMGNCFL6/org.macosforge.xquartz:0

Signal Handlers:
SIGSEGV: [libjvm.dylib+0x5b1141], sa_mask[0]=11111111011111110111111111111111, sa_flags=SA_ONSTACK|SA_RESTART|SA_SIGINFO
SIGBUS: [libjvm.dylib+0x5b1141], sa_mask[0]=11111111011111110111111111111111, sa_flags=SA_RESTART|SA_SIGINFO
SIGFPE: [libjvm.dylib+0x487bc4], sa_mask[0]=11111111011111110111111111111111, sa_flags=SA_RESTART|SA_SIGINFO
SIGPIPE: [libjvm.dylib+0x487bc4], sa_mask[0]=11111111011111110111111111111111, sa_flags=SA_RESTART|SA_SIGINFO
SIGXFSZ: [libjvm.dylib+0x487bc4], sa_mask[0]=11111111011111110111111111111111, sa_flags=SA_RESTART|SA_SIGINFO
SIGILL: [libjvm.dylib+0x487bc4], sa_mask[0]=11111111011111110111111111111111, sa_flags=SA_RESTART|SA_SIGINFO
SIGUSR1: SIG_DFL, sa_mask[0]=11011111011111100000000111000110, sa_flags=none
SIGUSR2: [libjvm.dylib+0x4876e2], sa_mask[0]=00000000000000000000000000000000, sa_flags=SA_RESTART|SA_SIGINFO
SIGHUP: [libjvm.dylib+0x485cb9], sa_mask[0]=11111111011111110111111111111111, sa_flags=SA_RESTART|SA_SIGINFO
SIGINT: SIG_IGN, sa_mask[0]=00000000000000000000000000000000, sa_flags=none
SIGTERM: [libjvm.dylib+0x485cb9], sa_mask[0]=11111111011111110111111111111111, sa_flags=SA_RESTART|SA_SIGINFO
SIGQUIT: [libjvm.dylib+0x485cb9], sa_mask[0]=11111111011111110111111111111111, sa_flags=SA_RESTART|SA_SIGINFO


---------------  S Y S T E M  ---------------

OS:Bsduname:Darwin 16.6.0 Darwin Kernel Version 16.6.0: Fri Apr 14 16:21:16 PDT 2017; root:xnu-3789.60.24~6/RELEASE_X86_64 x86_64
rlimit: STACK 8192k, CORE 0k, NPROC 709, NOFILE 10240, AS infinity
load average:1.72 1.77 2.44

CPU:total 4 (2 cores per cpu, 2 threads per core) family 6 model 58 stepping 9, cmov, cx8, fxsr, mmx, sse, sse2, sse3, ssse3, sse4.1, sse4.2, popcnt, avx, aes, clmul, erms, ht, tsc, tscinvbit, tscinv

Memory: 4k page, physical 8388608k(79896k free)

/proc/meminfo:


vm_info: Java HotSpot(TM) 64-Bit Server VM (25.121-b13) for bsd-amd64 JRE (1.8.0_121-b13), built on Dec 12 2016 20:39:32 by "java_re" with gcc 4.2.1 (Based on Apple Inc. build 5658) (LLVM build 2336.11.00)

time: Thu May 25 13:34:45 2017
elapsed time: 30116 seconds (0d 8h 21m 56s)

